This is pdfTeX, Version 3.14159265-2.6-1.40.20 (TeX Live 2019/Debian) (preloaded format=pdflatex 2021.9.28)  28 SEP 2021 01:06
entering extended mode
 \write18 enabled.
 file:line:error style messages enabled.
 %&-line parsing enabled.
**1lecture.tex
(./1lecture.tex
LaTeX2e <2020-02-02> patch level 2
L3 programming layer <2020-02-14>
./1lecture.tex:1: Undefined control sequence.
l.1 \section
            {–ù–∞–∏–≤–Ω–∞—è —Ç–µ–æ—Ä–∏—è –º–Ω–æ–∂–µ—Å—Ç–≤}
The control sequence at the end of the top line
of your error message was never \def'ed. If you have
misspelled it (e.g., `\hobx'), type `I' and the correct
spelling (e.g., `I\hbox'). Otherwise just continue,
and I'll forget about whatever was undefined.


./1lecture.tex:1: Package inputenc Error: Unicode character –ù (U+041D)
(inputenc)                not set up for use with LaTeX.

See the inputenc package documentation for explanation.
Type  H <return>  for immediate help.
 ...                                              
                                                  
l.1 \section{–ù
               –∞–∏–≤–Ω–∞—è —Ç–µ–æ—Ä–∏—è –º–Ω–æ–∂–µ—Å—Ç–≤}
You may provide a definition with
\DeclareUnicodeCharacter 


./1lecture.tex:1: Package inputenc Error: Unicode character –∞ (U+0430)
(inputenc)                not set up for use with LaTeX.

See the inputenc package documentation for explanation.
Type  H <return>  for immediate help.
 ...                                              
                                                  
l.1 \section{–ù–∞
                 –∏–≤–Ω–∞—è —Ç–µ–æ—Ä–∏—è –º–Ω–æ–∂–µ—Å—Ç–≤}
You may provide a definition with
\DeclareUnicodeCharacter 


./1lecture.tex:1: Package inputenc Error: Unicode character –∏ (U+0438)
(inputenc)                not set up for use with LaTeX.

See the inputenc package documentation for explanation.
Type  H <return>  for immediate help.
 ...                                              
                                                  
l.1 \section{–ù–∞–∏
                   –≤–Ω–∞—è —Ç–µ–æ—Ä–∏—è –º–Ω–æ–∂–µ—Å—Ç–≤}
You may provide a definition with
\DeclareUnicodeCharacter 


./1lecture.tex:1: Package inputenc Error: Unicode character –≤ (U+0432)
(inputenc)                not set up for use with LaTeX.

See the inputenc package documentation for explanation.
Type  H <return>  for immediate help.
 ...                                              
                                                  
l.1 \section{–ù–∞–∏–≤
                     –Ω–∞—è —Ç–µ–æ—Ä–∏—è –º–Ω–æ–∂–µ—Å—Ç–≤}
You may provide a definition with
\DeclareUnicodeCharacter 


./1lecture.tex:1: Package inputenc Error: Unicode character –Ω (U+043D)
(inputenc)                not set up for use with LaTeX.

See the inputenc package documentation for explanation.
Type  H <return>  for immediate help.
 ...                                              
                                                  
l.1 \section{–ù–∞–∏–≤–Ω
                       –∞—è —Ç–µ–æ—Ä–∏—è –º–Ω–æ–∂–µ—Å—Ç–≤}
You may provide a definition with
\DeclareUnicodeCharacter 


./1lecture.tex:1: Package inputenc Error: Unicode character –∞ (U+0430)
(inputenc)                not set up for use with LaTeX.

See the inputenc package documentation for explanation.
Type  H <return>  for immediate help.
 ...                                              
                                                  
l.1 \section{–ù–∞–∏–≤–Ω–∞
                         —è —Ç–µ–æ—Ä–∏—è –º–Ω–æ–∂–µ—Å—Ç–≤}
You may provide a definition with
\DeclareUnicodeCharacter 


./1lecture.tex:1: Package inputenc Error: Unicode character —è (U+044F)
(inputenc)                not set up for use with LaTeX.

See the inputenc package documentation for explanation.
Type  H <return>  for immediate help.
 ...                                              
                                                  
l.1 \section{–ù–∞–∏–≤–Ω–∞—è
                            —Ç–µ–æ—Ä–∏—è –º–Ω–æ–∂–µ—Å—Ç–≤}
You may provide a definition with
\DeclareUnicodeCharacter 


./1lecture.tex:1: Package inputenc Error: Unicode character —Ç (U+0442)
(inputenc)                not set up for use with LaTeX.

See the inputenc package documentation for explanation.
Type  H <return>  for immediate help.
 ...                                              
                                                  
l.1 \section{–ù–∞–∏–≤–Ω–∞—è —Ç
                              –µ–æ—Ä–∏—è –º–Ω–æ–∂–µ—Å—Ç–≤}
You may provide a definition with
\DeclareUnicodeCharacter 


./1lecture.tex:1: Package inputenc Error: Unicode character –µ (U+0435)
(inputenc)                not set up for use with LaTeX.

See the inputenc package documentation for explanation.
Type  H <return>  for immediate help.
 ...                                              
                                                  
l.1 \section{–ù–∞–∏–≤–Ω–∞—è —Ç–µ
                                –æ—Ä–∏—è –º–Ω–æ–∂–µ—Å—Ç–≤}
You may provide a definition with
\DeclareUnicodeCharacter 


./1lecture.tex:1: Package inputenc Error: Unicode character –æ (U+043E)
(inputenc)                not set up for use with LaTeX.

See the inputenc package documentation for explanation.
Type  H <return>  for immediate help.
 ...                                              
                                                  
l.1 \section{–ù–∞–∏–≤–Ω–∞—è —Ç–µ–æ
                                  —Ä–∏—è –º–Ω–æ–∂–µ—Å—Ç–≤}
You may provide a definition with
\DeclareUnicodeCharacter 


./1lecture.tex:1: Package inputenc Error: Unicode character —Ä (U+0440)
(inputenc)                not set up for use with LaTeX.

See the inputenc package documentation for explanation.
Type  H <return>  for immediate help.
 ...                                              
                                                  
l.1 \section{–ù–∞–∏–≤–Ω–∞—è —Ç–µ–æ—Ä
                                    –∏—è –º–Ω–æ–∂–µ—Å—Ç–≤}
You may provide a definition with
\DeclareUnicodeCharacter 


./1lecture.tex:1: Package inputenc Error: Unicode character –∏ (U+0438)
(inputenc)                not set up for use with LaTeX.

See the inputenc package documentation for explanation.
Type  H <return>  for immediate help.
 ...                                              
                                                  
l.1 \section{–ù–∞–∏–≤–Ω–∞—è —Ç–µ–æ—Ä–∏
                                      —è –º–Ω–æ–∂–µ—Å—Ç–≤}
You may provide a definition with
\DeclareUnicodeCharacter 


./1lecture.tex:1: Package inputenc Error: Unicode character —è (U+044F)
(inputenc)                not set up for use with LaTeX.

See the inputenc package documentation for explanation.
Type  H <return>  for immediate help.
 ...                                              
                                                  
l.1 \section{–ù–∞–∏–≤–Ω–∞—è —Ç–µ–æ—Ä–∏—è
                                         –º–Ω–æ–∂–µ—Å—Ç–≤}
You may provide a definition with
\DeclareUnicodeCharacter 


./1lecture.tex:1: Package inputenc Error: Unicode character –º (U+043C)
(inputenc)                not set up for use with LaTeX.

See the inputenc package documentation for explanation.
Type  H <return>  for immediate help.
 ...                                              
                                                  
l.1 \section{–ù–∞–∏–≤–Ω–∞—è —Ç–µ–æ—Ä–∏—è –º
                                           –Ω–æ–∂–µ—Å—Ç–≤}
You may provide a definition with
\DeclareUnicodeCharacter 


./1lecture.tex:1: Package inputenc Error: Unicode character –Ω (U+043D)
(inputenc)                not set up for use with LaTeX.

See the inputenc package documentation for explanation.
Type  H <return>  for immediate help.
 ...                                              
                                                  
l.1 \section{–ù–∞–∏–≤–Ω–∞—è —Ç–µ–æ—Ä–∏—è –º–Ω
                                             –æ–∂–µ—Å—Ç–≤}
You may provide a definition with
\DeclareUnicodeCharacter 


./1lecture.tex:1: Package inputenc Error: Unicode character –æ (U+043E)
(inputenc)                not set up for use with LaTeX.

See the inputenc package documentation for explanation.
Type  H <return>  for immediate help.
 ...                                              
                                                  
l.1 \section{–ù–∞–∏–≤–Ω–∞—è —Ç–µ–æ—Ä–∏—è –º–Ω–æ
                                               –∂–µ—Å—Ç–≤}
You may provide a definition with
\DeclareUnicodeCharacter 


./1lecture.tex:1: Package inputenc Error: Unicode character –∂ (U+0436)
(inputenc)                not set up for use with LaTeX.

See the inputenc package documentation for explanation.
Type  H <return>  for immediate help.
 ...                                              
                                                  
l.1 \section{–ù–∞–∏–≤–Ω–∞—è —Ç–µ–æ—Ä–∏—è –º–Ω–æ–∂
                                                 –µ—Å—Ç–≤}
You may provide a definition with
\DeclareUnicodeCharacter 


./1lecture.tex:1: Package inputenc Error: Unicode character –µ (U+0435)
(inputenc)                not set up for use with LaTeX.

See the inputenc package documentation for explanation.
Type  H <return>  for immediate help.
 ...                                              
                                                  
l.1 ...tion{–ù–∞–∏–≤–Ω–∞—è —Ç–µ–æ—Ä–∏—è –º–Ω–æ–∂–µ
                                                  —Å—Ç–≤}
You may provide a definition with
\DeclareUnicodeCharacter 


./1lecture.tex:1: Package inputenc Error: Unicode character —Å (U+0441)
(inputenc)                not set up for use with LaTeX.

See the inputenc package documentation for explanation.
Type  H <return>  for immediate help.
 ...                                              
                                                  
l.1 ...on{–ù–∞–∏–≤–Ω–∞—è —Ç–µ–æ—Ä–∏—è –º–Ω–æ–∂–µ—Å
                                                  —Ç–≤}
You may provide a definition with
\DeclareUnicodeCharacter 


./1lecture.tex:1: Package inputenc Error: Unicode character —Ç (U+0442)
(inputenc)                not set up for use with LaTeX.

See the inputenc package documentation for explanation.
Type  H <return>  for immediate help.
 ...                                              
                                                  
l.1 ...{–ù–∞–∏–≤–Ω–∞—è —Ç–µ–æ—Ä–∏—è –º–Ω–æ–∂–µ—Å—Ç
                                                  –≤}
You may provide a definition with
\DeclareUnicodeCharacter 


./1lecture.tex:1: Package inputenc Error: Unicode character –≤ (U+0432)
(inputenc)                not set up for use with LaTeX.

See the inputenc package documentation for explanation.
Type  H <return>  for immediate help.
 ...                                              
                                                  
l.1 ...ù–∞–∏–≤–Ω–∞—è —Ç–µ–æ—Ä–∏—è –º–Ω–æ–∂–µ—Å—Ç–≤
                                                  }
You may provide a definition with
\DeclareUnicodeCharacter 

./1lecture.tex:3: Undefined control sequence.
l.3 \subsection
               {–ú–Ω–æ–∂–µ—Å—Ç–≤–æ}
The control sequence at the end of the top line
of your error message was never \def'ed. If you have
misspelled it (e.g., `\hobx'), type `I' and the correct
spelling (e.g., `I\hbox'). Otherwise just continue,
and I'll forget about whatever was undefined.


./1lecture.tex:3: Package inputenc Error: Unicode character –ú (U+041C)
(inputenc)                not set up for use with LaTeX.

See the inputenc package documentation for explanation.
Type  H <return>  for immediate help.
 ...                                              
                                                  
l.3 \subsection{–ú
                  –Ω–æ–∂–µ—Å—Ç–≤–æ}
You may provide a definition with
\DeclareUnicodeCharacter 


./1lecture.tex:3: Package inputenc Error: Unicode character –Ω (U+043D)
(inputenc)                not set up for use with LaTeX.

See the inputenc package documentation for explanation.
Type  H <return>  for immediate help.
 ...                                              
                                                  
l.3 \subsection{–ú–Ω
                    –æ–∂–µ—Å—Ç–≤–æ}
You may provide a definition with
\DeclareUnicodeCharacter 


./1lecture.tex:3: Package inputenc Error: Unicode character –æ (U+043E)
(inputenc)                not set up for use with LaTeX.

See the inputenc package documentation for explanation.
Type  H <return>  for immediate help.
 ...                                              
                                                  
l.3 \subsection{–ú–Ω–æ
                      –∂–µ—Å—Ç–≤–æ}
You may provide a definition with
\DeclareUnicodeCharacter 


./1lecture.tex:3: Package inputenc Error: Unicode character –∂ (U+0436)
(inputenc)                not set up for use with LaTeX.

See the inputenc package documentation for explanation.
Type  H <return>  for immediate help.
 ...                                              
                                                  
l.3 \subsection{–ú–Ω–æ–∂
                        –µ—Å—Ç–≤–æ}
You may provide a definition with
\DeclareUnicodeCharacter 


./1lecture.tex:3: Package inputenc Error: Unicode character –µ (U+0435)
(inputenc)                not set up for use with LaTeX.

See the inputenc package documentation for explanation.
Type  H <return>  for immediate help.
 ...                                              
                                                  
l.3 \subsection{–ú–Ω–æ–∂–µ
                          —Å—Ç–≤–æ}
You may provide a definition with
\DeclareUnicodeCharacter 


./1lecture.tex:3: Package inputenc Error: Unicode character —Å (U+0441)
(inputenc)                not set up for use with LaTeX.

See the inputenc package documentation for explanation.
Type  H <return>  for immediate help.
 ...                                              
                                                  
l.3 \subsection{–ú–Ω–æ–∂–µ—Å
                            —Ç–≤–æ}
You may provide a definition with
\DeclareUnicodeCharacter 


./1lecture.tex:3: Package inputenc Error: Unicode character —Ç (U+0442)
(inputenc)                not set up for use with LaTeX.

See the inputenc package documentation for explanation.
Type  H <return>  for immediate help.
 ...                                              
                                                  
l.3 \subsection{–ú–Ω–æ–∂–µ—Å—Ç
                              –≤–æ}
You may provide a definition with
\DeclareUnicodeCharacter 


./1lecture.tex:3: Package inputenc Error: Unicode character –≤ (U+0432)
(inputenc)                not set up for use with LaTeX.

See the inputenc package documentation for explanation.
Type  H <return>  for immediate help.
 ...                                              
                                                  
l.3 \subsection{–ú–Ω–æ–∂–µ—Å—Ç–≤
                                –æ}
You may provide a definition with
\DeclareUnicodeCharacter 


./1lecture.tex:3: Package inputenc Error: Unicode character –æ (U+043E)
(inputenc)                not set up for use with LaTeX.

See the inputenc package documentation for explanation.
Type  H <return>  for immediate help.
 ...                                              
                                                  
l.3 \subsection{–ú–Ω–æ–∂–µ—Å—Ç–≤–æ
                                  }
You may provide a definition with
\DeclareUnicodeCharacter 


./1lecture.tex:5: LaTeX Error: Environment definition undefined.

See the LaTeX manual or LaTeX Companion for explanation.
Type  H <return>  for immediate help.
 ...                                              
                                                  
l.5 \begin{definition}
                      
Your command was ignored.
Type  I <command> <return>  to replace it with another command,
or  <return>  to continue without it.


./1lecture.tex:6: LaTeX Error: Missing \begin{document}.

See the LaTeX manual or LaTeX Companion for explanation.
Type  H <return>  for immediate help.
 ...                                              
                                                  
l.6     \textit{–ú–Ω–æ–∂–µ—Å—Ç–≤–æ–º}
                                      –Ω–∞–∑—ã–≤–∞–µ—Ç—Å—è —Å–æ–≤–æ–∫—É–ø–Ω–...
You're in trouble here.  Try typing  <return>  to proceed.
If that doesn't work, type  X <return>  to quit.


./1lecture.tex:6: Package inputenc Error: Unicode character –ú (U+041C)
(inputenc)                not set up for use with LaTeX.

See the inputenc package documentation for explanation.
Type  H <return>  for immediate help.
 ...                                              
                                                  
l.6     \textit{–ú–Ω–æ–∂–µ—Å—Ç–≤–æ–º}
                                      –Ω–∞–∑—ã–≤–∞–µ—Ç—Å—è —Å–æ–≤–æ–∫—É–ø–Ω–...
You may provide a definition with
\DeclareUnicodeCharacter 


./1lecture.tex:6: Package inputenc Error: Unicode character –Ω (U+043D)
(inputenc)                not set up for use with LaTeX.

See the inputenc package documentation for explanation.
Type  H <return>  for immediate help.
 ...                                              
                                                  
l.6     \textit{–ú–Ω–æ–∂–µ—Å—Ç–≤–æ–º}
                                      –Ω–∞–∑—ã–≤–∞–µ—Ç—Å—è —Å–æ–≤–æ–∫—É–ø–Ω–...
You may provide a definition with
\DeclareUnicodeCharacter 


./1lecture.tex:6: Package inputenc Error: Unicode character –æ (U+043E)
(inputenc)                not set up for use with LaTeX.

See the inputenc package documentation for explanation.
Type  H <return>  for immediate help.
 ...                                              
                                                  
l.6     \textit{–ú–Ω–æ–∂–µ—Å—Ç–≤–æ–º}
                                      –Ω–∞–∑—ã–≤–∞–µ—Ç—Å—è —Å–æ–≤–æ–∫—É–ø–Ω–...
You may provide a definition with
\DeclareUnicodeCharacter 


./1lecture.tex:6: Package inputenc Error: Unicode character –∂ (U+0436)
(inputenc)                not set up for use with LaTeX.

See the inputenc package documentation for explanation.
Type  H <return>  for immediate help.
 ...                                              
                                                  
l.6     \textit{–ú–Ω–æ–∂–µ—Å—Ç–≤–æ–º}
                                      –Ω–∞–∑—ã–≤–∞–µ—Ç—Å—è —Å–æ–≤–æ–∫—É–ø–Ω–...
You may provide a definition with
\DeclareUnicodeCharacter 


./1lecture.tex:6: Package inputenc Error: Unicode character –µ (U+0435)
(inputenc)                not set up for use with LaTeX.

See the inputenc package documentation for explanation.
Type  H <return>  for immediate help.
 ...                                              
                                                  
l.6     \textit{–ú–Ω–æ–∂–µ—Å—Ç–≤–æ–º}
                                      –Ω–∞–∑—ã–≤–∞–µ—Ç—Å—è —Å–æ–≤–æ–∫—É–ø–Ω–...
You may provide a definition with
\DeclareUnicodeCharacter 


./1lecture.tex:6: Package inputenc Error: Unicode character —Å (U+0441)
(inputenc)                not set up for use with LaTeX.

See the inputenc package documentation for explanation.
Type  H <return>  for immediate help.
 ...                                              
                                                  
l.6     \textit{–ú–Ω–æ–∂–µ—Å—Ç–≤–æ–º}
                                      –Ω–∞–∑—ã–≤–∞–µ—Ç—Å—è —Å–æ–≤–æ–∫—É–ø–Ω–...
You may provide a definition with
\DeclareUnicodeCharacter 


./1lecture.tex:6: Package inputenc Error: Unicode character —Ç (U+0442)
(inputenc)                not set up for use with LaTeX.

See the inputenc package documentation for explanation.
Type  H <return>  for immediate help.
 ...                                              
                                                  
l.6     \textit{–ú–Ω–æ–∂–µ—Å—Ç–≤–æ–º}
                                      –Ω–∞–∑—ã–≤–∞–µ—Ç—Å—è —Å–æ–≤–æ–∫—É–ø–Ω–...
You may provide a definition with
\DeclareUnicodeCharacter 


./1lecture.tex:6: Package inputenc Error: Unicode character –≤ (U+0432)
(inputenc)                not set up for use with LaTeX.

See the inputenc package documentation for explanation.
Type  H <return>  for immediate help.
 ...                                              
                                                  
l.6     \textit{–ú–Ω–æ–∂–µ—Å—Ç–≤–æ–º}
                                      –Ω–∞–∑—ã–≤–∞–µ—Ç—Å—è —Å–æ–≤–æ–∫—É–ø–Ω–...
You may provide a definition with
\DeclareUnicodeCharacter 


./1lecture.tex:6: Package inputenc Error: Unicode character –æ (U+043E)
(inputenc)                not set up for use with LaTeX.

See the inputenc package documentation for explanation.
Type  H <return>  for immediate help.
 ...                                              
                                                  
l.6     \textit{–ú–Ω–æ–∂–µ—Å—Ç–≤–æ–º}
                                      –Ω–∞–∑—ã–≤–∞–µ—Ç—Å—è —Å–æ–≤–æ–∫—É–ø–Ω–...
You may provide a definition with
\DeclareUnicodeCharacter 


./1lecture.tex:6: Package inputenc Error: Unicode character –º (U+043C)
(inputenc)                not set up for use with LaTeX.

See the inputenc package documentation for explanation.
Type  H <return>  for immediate help.
 ...                                              
                                                  
l.6     \textit{–ú–Ω–æ–∂–µ—Å—Ç–≤–æ–º}
                                      –Ω–∞–∑—ã–≤–∞–µ—Ç—Å—è —Å–æ–≤–æ–∫—É–ø–Ω–...
You may provide a definition with
\DeclareUnicodeCharacter 


./1lecture.tex:6: Package inputenc Error: Unicode character –Ω (U+043D)
(inputenc)                not set up for use with LaTeX.

See the inputenc package documentation for explanation.
Type  H <return>  for immediate help.
 ...                                              
                                                  
l.6     \textit{–ú–Ω–æ–∂–µ—Å—Ç–≤–æ–º} –Ω
                                        –∞–∑—ã–≤–∞–µ—Ç—Å—è —Å–æ–≤–æ–∫—É–ø–Ω–...
You may provide a definition with
\DeclareUnicodeCharacter 


./1lecture.tex:6: Package inputenc Error: Unicode character –∞ (U+0430)
(inputenc)                not set up for use with LaTeX.

See the inputenc package documentation for explanation.
Type  H <return>  for immediate help.
 ...                                              
                                                  
l.6     \textit{–ú–Ω–æ–∂–µ—Å—Ç–≤–æ–º} –Ω–∞
                                          –∑—ã–≤–∞–µ—Ç—Å—è —Å–æ–≤–æ–∫—É–ø–Ω–...
You may provide a definition with
\DeclareUnicodeCharacter 


./1lecture.tex:6: Package inputenc Error: Unicode character –∑ (U+0437)
(inputenc)                not set up for use with LaTeX.

See the inputenc package documentation for explanation.
Type  H <return>  for immediate help.
 ...                                              
                                                  
l.6     \textit{–ú–Ω–æ–∂–µ—Å—Ç–≤–æ–º} –Ω–∞–∑
                                            —ã–≤–∞–µ—Ç—Å—è —Å–æ–≤–æ–∫—É–ø–Ω–...
You may provide a definition with
\DeclareUnicodeCharacter 


./1lecture.tex:6: Package inputenc Error: Unicode character —ã (U+044B)
(inputenc)                not set up for use with LaTeX.

See the inputenc package documentation for explanation.
Type  H <return>  for immediate help.
 ...                                              
                                                  
l.6     \textit{–ú–Ω–æ–∂–µ—Å—Ç–≤–æ–º} –Ω–∞–∑—ã
                                              –≤–∞–µ—Ç—Å—è —Å–æ–≤–æ–∫—É–ø–Ω–...
You may provide a definition with
\DeclareUnicodeCharacter 


./1lecture.tex:6: Package inputenc Error: Unicode character –≤ (U+0432)
(inputenc)                not set up for use with LaTeX.

See the inputenc package documentation for explanation.
Type  H <return>  for immediate help.
 ...                                              
                                                  
l.6     \textit{–ú–Ω–æ–∂–µ—Å—Ç–≤–æ–º} –Ω–∞–∑—ã–≤
                                                –∞–µ—Ç—Å—è —Å–æ–≤–æ–∫—É–ø–Ω–...
You may provide a definition with
\DeclareUnicodeCharacter 


./1lecture.tex:6: Package inputenc Error: Unicode character –∞ (U+0430)
(inputenc)                not set up for use with LaTeX.

See the inputenc package documentation for explanation.
Type  H <return>  for immediate help.
 ...                                              
                                                  
l.6     \textit{–ú–Ω–æ–∂–µ—Å—Ç–≤–æ–º} –Ω–∞–∑—ã–≤–∞
                                                  –µ—Ç—Å—è —Å–æ–≤–æ–∫—É–ø–Ω–...
You may provide a definition with
\DeclareUnicodeCharacter 


./1lecture.tex:6: Package inputenc Error: Unicode character –µ (U+0435)
(inputenc)                not set up for use with LaTeX.

See the inputenc package documentation for explanation.
Type  H <return>  for immediate help.
 ...                                              
                                                  
l.6 ...textit{–ú–Ω–æ–∂–µ—Å—Ç–≤–æ–º} –Ω–∞–∑—ã–≤–∞–µ
                                                  —Ç—Å—è —Å–æ–≤–æ–∫—É–ø–Ω–æ—...
You may provide a definition with
\DeclareUnicodeCharacter 


./1lecture.tex:6: Package inputenc Error: Unicode character —Ç (U+0442)
(inputenc)                not set up for use with LaTeX.

See the inputenc package documentation for explanation.
Type  H <return>  for immediate help.
 ...                                              
                                                  
l.6 ...xtit{–ú–Ω–æ–∂–µ—Å—Ç–≤–æ–º} –Ω–∞–∑—ã–≤–∞–µ—Ç
                                                  —Å—è —Å–æ–≤–æ–∫—É–ø–Ω–æ—Å—...
You may provide a definition with
\DeclareUnicodeCharacter 


./1lecture.tex:6: Package inputenc Error: Unicode character —Å (U+0441)
(inputenc)                not set up for use with LaTeX.

See the inputenc package documentation for explanation.
Type  H <return>  for immediate help.
 ...                                              
                                                  
l.6 ...it{–ú–Ω–æ–∂–µ—Å—Ç–≤–æ–º} –Ω–∞–∑—ã–≤–∞–µ—Ç—Å
                                                  —è —Å–æ–≤–æ–∫—É–ø–Ω–æ—Å—Ç—...
You may provide a definition with
\DeclareUnicodeCharacter 


./1lecture.tex:6: Package inputenc Error: Unicode character —è (U+044F)
(inputenc)                not set up for use with LaTeX.

See the inputenc package documentation for explanation.
Type  H <return>  for immediate help.
 ...                                              
                                                  
l.6 ...{–ú–Ω–æ–∂–µ—Å—Ç–≤–æ–º} –Ω–∞–∑—ã–≤–∞–µ—Ç—Å—è
                                                   —Å–æ–≤–æ–∫—É–ø–Ω–æ—Å—Ç—å ...
You may provide a definition with
\DeclareUnicodeCharacter 


./1lecture.tex:6: Package inputenc Error: Unicode character —Å (U+0441)
(inputenc)                not set up for use with LaTeX.

See the inputenc package documentation for explanation.
Type  H <return>  for immediate help.
 ...                                              
                                                  
l.6 ...–Ω–æ–∂–µ—Å—Ç–≤–æ–º} –Ω–∞–∑—ã–≤–∞–µ—Ç—Å—è —Å
                                                  –æ–≤–æ–∫—É–ø–Ω–æ—Å—Ç—å –∫–...
You may provide a definition with
\DeclareUnicodeCharacter 


./1lecture.tex:6: Package inputenc Error: Unicode character –æ (U+043E)
(inputenc)                not set up for use with LaTeX.

See the inputenc package documentation for explanation.
Type  H <return>  for immediate help.
 ...                                              
                                                  
l.6 ...–æ–∂–µ—Å—Ç–≤–æ–º} –Ω–∞–∑—ã–≤–∞–µ—Ç—Å—è —Å–æ
                                                  –≤–æ–∫—É–ø–Ω–æ—Å—Ç—å –∫–∞–...
You may provide a definition with
\DeclareUnicodeCharacter 


./1lecture.tex:6: Package inputenc Error: Unicode character –≤ (U+0432)
(inputenc)                not set up for use with LaTeX.

See the inputenc package documentation for explanation.
Type  H <return>  for immediate help.
 ...                                              
                                                  
l.6 ...–∂–µ—Å—Ç–≤–æ–º} –Ω–∞–∑—ã–≤–∞–µ—Ç—Å—è —Å–æ–≤
                                                  –æ–∫—É–ø–Ω–æ—Å—Ç—å –∫–∞–∫–...
You may provide a definition with
\DeclareUnicodeCharacter 


./1lecture.tex:6: Package inputenc Error: Unicode character –æ (U+043E)
(inputenc)                not set up for use with LaTeX.

See the inputenc package documentation for explanation.
Type  H <return>  for immediate help.
 ...                                              
                                                  
l.6 ...–µ—Å—Ç–≤–æ–º} –Ω–∞–∑—ã–≤–∞–µ—Ç—Å—è —Å–æ–≤–æ
                                                  –∫—É–ø–Ω–æ—Å—Ç—å –∫–∞–∫–∏—...
You may provide a definition with
\DeclareUnicodeCharacter 


./1lecture.tex:6: Package inputenc Error: Unicode character –∫ (U+043A)
(inputenc)                not set up for use with LaTeX.

See the inputenc package documentation for explanation.
Type  H <return>  for immediate help.
 ...                                              
                                                  
l.6 ...—Å—Ç–≤–æ–º} –Ω–∞–∑—ã–≤–∞–µ—Ç—Å—è —Å–æ–≤–æ–∫
                                                  —É–ø–Ω–æ—Å—Ç—å –∫–∞–∫–∏—Ö-...
You may provide a definition with
\DeclareUnicodeCharacter 


./1lecture.tex:6: Package inputenc Error: Unicode character —É (U+0443)
(inputenc)                not set up for use with LaTeX.

See the inputenc package documentation for explanation.
Type  H <return>  for immediate help.
 ...                                              
                                                  
l.6 ...—Ç–≤–æ–º} –Ω–∞–∑—ã–≤–∞–µ—Ç—Å—è —Å–æ–≤–æ–∫—É
                                                  –ø–Ω–æ—Å—Ç—å –∫–∞–∫–∏—Ö-–ª...
You may provide a definition with
\DeclareUnicodeCharacter 


./1lecture.tex:6: Package inputenc Error: Unicode character –ø (U+043F)
(inputenc)                not set up for use with LaTeX.

See the inputenc package documentation for explanation.
Type  H <return>  for immediate help.
 ...                                              
                                                  
l.6 ...–≤–æ–º} –Ω–∞–∑—ã–≤–∞–µ—Ç—Å—è —Å–æ–≤–æ–∫—É–ø
                                                  –Ω–æ—Å—Ç—å –∫–∞–∫–∏—Ö-–ª–∏...
You may provide a definition with
\DeclareUnicodeCharacter 


./1lecture.tex:6: Package inputenc Error: Unicode character –Ω (U+043D)
(inputenc)                not set up for use with LaTeX.

See the inputenc package documentation for explanation.
Type  H <return>  for immediate help.
 ...                                              
                                                  
l.6 ...–æ–º} –Ω–∞–∑—ã–≤–∞–µ—Ç—Å—è —Å–æ–≤–æ–∫—É–ø–Ω
                                                  –æ—Å—Ç—å –∫–∞–∫–∏—Ö-–ª–∏–±...
You may provide a definition with
\DeclareUnicodeCharacter 


./1lecture.tex:6: Package inputenc Error: Unicode character –æ (U+043E)
(inputenc)                not set up for use with LaTeX.

See the inputenc package documentation for explanation.
Type  H <return>  for immediate help.
 ...                                              
                                                  
l.6 ...–º} –Ω–∞–∑—ã–≤–∞–µ—Ç—Å—è —Å–æ–≤–æ–∫—É–ø–Ω–æ
                                                  —Å—Ç—å –∫–∞–∫–∏—Ö-–ª–∏–±–æ...
You may provide a definition with
\DeclareUnicodeCharacter 


./1lecture.tex:6: Package inputenc Error: Unicode character —Å (U+0441)
(inputenc)                not set up for use with LaTeX.

See the inputenc package documentation for explanation.
Type  H <return>  for immediate help.
 ...                                              
                                                  
l.6 ...} –Ω–∞–∑—ã–≤–∞–µ—Ç—Å—è —Å–æ–≤–æ–∫—É–ø–Ω–æ—Å
                                                  —Ç—å –∫–∞–∫–∏—Ö-–ª–∏–±–æ –...
You may provide a definition with
\DeclareUnicodeCharacter 


./1lecture.tex:6: Package inputenc Error: Unicode character —Ç (U+0442)
(inputenc)                not set up for use with LaTeX.

See the inputenc package documentation for explanation.
Type  H <return>  for immediate help.
 ...                                              
                                                  
l.6 ...–Ω–∞–∑—ã–≤–∞–µ—Ç—Å—è —Å–æ–≤–æ–∫—É–ø–Ω–æ—Å—Ç
                                                  —å –∫–∞–∫–∏—Ö-–ª–∏–±–æ –æ–...
You may provide a definition with
\DeclareUnicodeCharacter 


./1lecture.tex:6: Package inputenc Error: Unicode character —å (U+044C)
(inputenc)                not set up for use with LaTeX.

See the inputenc package documentation for explanation.
Type  H <return>  for immediate help.
 ...                                              
                                                  
l.6 ...–∞–∑—ã–≤–∞–µ—Ç—Å—è —Å–æ–≤–æ–∫—É–ø–Ω–æ—Å—Ç—å
                                                   –∫–∞–∫–∏—Ö-–ª–∏–±–æ –æ–±—...
You may provide a definition with
\DeclareUnicodeCharacter 


./1lecture.tex:6: Package inputenc Error: Unicode character –∫ (U+043A)
(inputenc)                not set up for use with LaTeX.

See the inputenc package documentation for explanation.
Type  H <return>  for immediate help.
 ...                                              
                                                  
l.6 ...∑—ã–≤–∞–µ—Ç—Å—è —Å–æ–≤–æ–∫—É–ø–Ω–æ—Å—Ç—å –∫
                                                  –∞–∫–∏—Ö-–ª–∏–±–æ –æ–±—ä–µ...
You may provide a definition with
\DeclareUnicodeCharacter 


./1lecture.tex:6: Package inputenc Error: Unicode character –∞ (U+0430)
(inputenc)                not set up for use with LaTeX.

See the inputenc package documentation for explanation.
Type  H <return>  for immediate help.
 ...                                              
                                                  
l.6 ...ã–≤–∞–µ—Ç—Å—è —Å–æ–≤–æ–∫—É–ø–Ω–æ—Å—Ç—å –∫–∞
                                                  –∫–∏—Ö-–ª–∏–±–æ –æ–±—ä–µ–∫...
You may provide a definition with
\DeclareUnicodeCharacter 


./1lecture.tex:6: Package inputenc Error: Unicode character –∫ (U+043A)
(inputenc)                not set up for use with LaTeX.

See the inputenc package documentation for explanation.
Type  H <return>  for immediate help.
 ...                                              
                                                  
l.6 ...≤–∞–µ—Ç—Å—è —Å–æ–≤–æ–∫—É–ø–Ω–æ—Å—Ç—å –∫–∞–∫
                                                  –∏—Ö-–ª–∏–±–æ –æ–±—ä–µ–∫—Ç...
You may provide a definition with
\DeclareUnicodeCharacter 


./1lecture.tex:6: Package inputenc Error: Unicode character –∏ (U+0438)
(inputenc)                not set up for use with LaTeX.

See the inputenc package documentation for explanation.
Type  H <return>  for immediate help.
 ...                                              
                                                  
l.6 ...∞–µ—Ç—Å—è —Å–æ–≤–æ–∫—É–ø–Ω–æ—Å—Ç—å –∫–∞–∫–∏
                                                  —Ö-–ª–∏–±–æ –æ–±—ä–µ–∫—Ç–æ–≤.
You may provide a definition with
\DeclareUnicodeCharacter 


./1lecture.tex:6: Package inputenc Error: Unicode character —Ö (U+0445)
(inputenc)                not set up for use with LaTeX.

See the inputenc package documentation for explanation.
Type  H <return>  for immediate help.
 ...                                              
                                                  
l.6 ...µ—Ç—Å—è —Å–æ–≤–æ–∫—É–ø–Ω–æ—Å—Ç—å –∫–∞–∫–∏—Ö
                                                  -–ª–∏–±–æ –æ–±—ä–µ–∫—Ç–æ–≤.
You may provide a definition with
\DeclareUnicodeCharacter 

Missing character: There is no - in font nullfont!

./1lecture.tex:6: Package inputenc Error: Unicode character –ª (U+043B)
(inputenc)                not set up for use with LaTeX.

See the inputenc package documentation for explanation.
Type  H <return>  for immediate help.
 ...                                              
                                                  
l.6 ...—Å—è —Å–æ–≤–æ–∫—É–ø–Ω–æ—Å—Ç—å –∫–∞–∫–∏—Ö-–ª
                                                  –∏–±–æ –æ–±—ä–µ–∫—Ç–æ–≤.
You may provide a definition with
\DeclareUnicodeCharacter 


./1lecture.tex:6: Package inputenc Error: Unicode character –∏ (U+0438)
(inputenc)                not set up for use with LaTeX.

See the inputenc package documentation for explanation.
Type  H <return>  for immediate help.
 ...                                              
                                                  
l.6 ...—è —Å–æ–≤–æ–∫—É–ø–Ω–æ—Å—Ç—å –∫–∞–∫–∏—Ö-–ª–∏
                                                  –±–æ –æ–±—ä–µ–∫—Ç–æ–≤.
You may provide a definition with
\DeclareUnicodeCharacter 


./1lecture.tex:6: Package inputenc Error: Unicode character –± (U+0431)
(inputenc)                not set up for use with LaTeX.

See the inputenc package documentation for explanation.
Type  H <return>  for immediate help.
 ...                                              
                                                  
l.6 ... —Å–æ–≤–æ–∫—É–ø–Ω–æ—Å—Ç—å –∫–∞–∫–∏—Ö-–ª–∏–±
                                                  –æ –æ–±—ä–µ–∫—Ç–æ–≤.
You may provide a definition with
\DeclareUnicodeCharacter 


./1lecture.tex:6: Package inputenc Error: Unicode character –æ (U+043E)
(inputenc)                not set up for use with LaTeX.

See the inputenc package documentation for explanation.
Type  H <return>  for immediate help.
 ...                                              
                                                  
l.6 ...Å–æ–≤–æ–∫—É–ø–Ω–æ—Å—Ç—å –∫–∞–∫–∏—Ö-–ª–∏–±–æ
                                                   –æ–±—ä–µ–∫—Ç–æ–≤.
You may provide a definition with
\DeclareUnicodeCharacter 


./1lecture.tex:6: Package inputenc Error: Unicode character –æ (U+043E)
(inputenc)                not set up for use with LaTeX.

See the inputenc package documentation for explanation.
Type  H <return>  for immediate help.
 ...                                              
                                                  
l.6 ...–≤–æ–∫—É–ø–Ω–æ—Å—Ç—å –∫–∞–∫–∏—Ö-–ª–∏–±–æ –æ
                                                  –±—ä–µ–∫—Ç–æ–≤.
You may provide a definition with
\DeclareUnicodeCharacter 


./1lecture.tex:6: Package inputenc Error: Unicode character –± (U+0431)
(inputenc)                not set up for use with LaTeX.

See the inputenc package documentation for explanation.
Type  H <return>  for immediate help.
 ...                                              
                                                  
l.6 ...–æ–∫—É–ø–Ω–æ—Å—Ç—å –∫–∞–∫–∏—Ö-–ª–∏–±–æ –æ–±
                                                  —ä–µ–∫—Ç–æ–≤.
You may provide a definition with
\DeclareUnicodeCharacter 


./1lecture.tex:6: Package inputenc Error: Unicode character —ä (U+044A)
(inputenc)                not set up for use with LaTeX.

See the inputenc package documentation for explanation.
Type  H <return>  for immediate help.
 ...                                              
                                                  
l.6 ...–∫—É–ø–Ω–æ—Å—Ç—å –∫–∞–∫–∏—Ö-–ª–∏–±–æ –æ–±—ä
                                                  –µ–∫—Ç–æ–≤.
You may provide a definition with
\DeclareUnicodeCharacter 


./1lecture.tex:6: Package inputenc Error: Unicode character –µ (U+0435)
(inputenc)                not set up for use with LaTeX.

See the inputenc package documentation for explanation.
Type  H <return>  for immediate help.
 ...                                              
                                                  
l.6 ...—É–ø–Ω–æ—Å—Ç—å –∫–∞–∫–∏—Ö-–ª–∏–±–æ –æ–±—ä–µ
                                                  –∫—Ç–æ–≤.
You may provide a definition with
\DeclareUnicodeCharacter 


./1lecture.tex:6: Package inputenc Error: Unicode character –∫ (U+043A)
(inputenc)                not set up for use with LaTeX.

See the inputenc package documentation for explanation.
Type  H <return>  for immediate help.
 ...                                              
                                                  
l.6 ...–ø–Ω–æ—Å—Ç—å –∫–∞–∫–∏—Ö-–ª–∏–±–æ –æ–±—ä–µ–∫
                                                  —Ç–æ–≤.
You may provide a definition with
\DeclareUnicodeCharacter 


./1lecture.tex:6: Package inputenc Error: Unicode character —Ç (U+0442)
(inputenc)                not set up for use with LaTeX.

See the inputenc package documentation for explanation.
Type  H <return>  for immediate help.
 ...                                              
                                                  
l.6 ...–Ω–æ—Å—Ç—å –∫–∞–∫–∏—Ö-–ª–∏–±–æ –æ–±—ä–µ–∫—Ç
                                                  –æ–≤.
You may provide a definition with
\DeclareUnicodeCharacter 


./1lecture.tex:6: Package inputenc Error: Unicode character –æ (U+043E)
(inputenc)                not set up for use with LaTeX.

See the inputenc package documentation for explanation.
Type  H <return>  for immediate help.
 ...                                              
                                                  
l.6 ...–æ—Å—Ç—å –∫–∞–∫–∏—Ö-–ª–∏–±–æ –æ–±—ä–µ–∫—Ç–æ
                                                  –≤.
You may provide a definition with
\DeclareUnicodeCharacter 


./1lecture.tex:6: Package inputenc Error: Unicode character –≤ (U+0432)
(inputenc)                not set up for use with LaTeX.

See the inputenc package documentation for explanation.
Type  H <return>  for immediate help.
 ...                                              
                                                  
l.6 ...—Å—Ç—å –∫–∞–∫–∏—Ö-–ª–∏–±–æ –æ–±—ä–µ–∫—Ç–æ–≤
                                                  .
You may provide a definition with
\DeclareUnicodeCharacter 

Missing character: There is no . in font nullfont!

./1lecture.tex:7: LaTeX Error: \begin{document} ended by \end{definition}.

See the LaTeX manual or LaTeX Companion for explanation.
Type  H <return>  for immediate help.
 ...                                              
                                                  
l.7 \end{definition}
                    
Your command was ignored.
Type  I <command> <return>  to replace it with another command,
or  <return>  to continue without it.


Overfull \hbox (20.0pt too wide) in paragraph at lines 6--8
[]
 []


./1lecture.tex:9: LaTeX Error: Environment note undefined.

See the LaTeX manual or LaTeX Companion for explanation.
Type  H <return>  for immediate help.
 ...                                              
                                                  
l.9 \begin{note}
                
Your command was ignored.
Type  I <command> <return>  to replace it with another command,
or  <return>  to continue without it.


./1lecture.tex:10: Package inputenc Error: Unicode character –ï (U+0415)
(inputenc)                not set up for use with LaTeX.

See the inputenc package documentation for explanation.
Type  H <return>  for immediate help.
 ...                                              
                                                  
l.10     –ï
           —Å–ª–∏ –≥–æ–≤–æ—Ä–∏—Ç—å —á—É—Ç—å —Ç–æ—á–Ω–µ–µ, —Ç–æ –º–Ω–æ–∂–µ—Å—...
You may provide a definition with
\DeclareUnicodeCharacter 


./1lecture.tex:10: Package inputenc Error: Unicode character —Å (U+0441)
(inputenc)                not set up for use with LaTeX.

See the inputenc package documentation for explanation.
Type  H <return>  for immediate help.
 ...                                              
                                                  
l.10     –ï—Å
             –ª–∏ –≥–æ–≤–æ—Ä–∏—Ç—å —á—É—Ç—å —Ç–æ—á–Ω–µ–µ, —Ç–æ –º–Ω–æ–∂–µ—Å—...
You may provide a definition with
\DeclareUnicodeCharacter 


./1lecture.tex:10: Package inputenc Error: Unicode character –ª (U+043B)
(inputenc)                not set up for use with LaTeX.

See the inputenc package documentation for explanation.
Type  H <return>  for immediate help.
 ...                                              
                                                  
l.10     –ï—Å–ª
               –∏ –≥–æ–≤–æ—Ä–∏—Ç—å —á—É—Ç—å —Ç–æ—á–Ω–µ–µ, —Ç–æ –º–Ω–æ–∂–µ—Å—...
You may provide a definition with
\DeclareUnicodeCharacter 


./1lecture.tex:10: Package inputenc Error: Unicode character –∏ (U+0438)
(inputenc)                not set up for use with LaTeX.

See the inputenc package documentation for explanation.
Type  H <return>  for immediate help.
 ...                                              
                                                  
l.10     –ï—Å–ª–∏
                  –≥–æ–≤–æ—Ä–∏—Ç—å —á—É—Ç—å —Ç–æ—á–Ω–µ–µ, —Ç–æ –º–Ω–æ–∂–µ—Å—...
You may provide a definition with
\DeclareUnicodeCharacter 


./1lecture.tex:10: Package inputenc Error: Unicode character –≥ (U+0433)
(inputenc)                not set up for use with LaTeX.

See the inputenc package documentation for explanation.
Type  H <return>  for immediate help.
 ...                                              
                                                  
l.10     –ï—Å–ª–∏ –≥
                    –æ–≤–æ—Ä–∏—Ç—å —á—É—Ç—å —Ç–æ—á–Ω–µ–µ, —Ç–æ –º–Ω–æ–∂–µ—Å—...
You may provide a definition with
\DeclareUnicodeCharacter 


./1lecture.tex:10: Package inputenc Error: Unicode character –æ (U+043E)
(inputenc)                not set up for use with LaTeX.

See the inputenc package documentation for explanation.
Type  H <return>  for immediate help.
 ...                                              
                                                  
l.10     –ï—Å–ª–∏ –≥–æ
                      –≤–æ—Ä–∏—Ç—å —á—É—Ç—å —Ç–æ—á–Ω–µ–µ, —Ç–æ –º–Ω–æ–∂–µ—Å—...
You may provide a definition with
\DeclareUnicodeCharacter 


./1lecture.tex:10: Package inputenc Error: Unicode character –≤ (U+0432)
(inputenc)                not set up for use with LaTeX.

See the inputenc package documentation for explanation.
Type  H <return>  for immediate help.
 ...                                              
                                                  
l.10     –ï—Å–ª–∏ –≥–æ–≤
                        –æ—Ä–∏—Ç—å —á—É—Ç—å —Ç–æ—á–Ω–µ–µ, —Ç–æ –º–Ω–æ–∂–µ—Å—...
You may provide a definition with
\DeclareUnicodeCharacter 


./1lecture.tex:10: Package inputenc Error: Unicode character –æ (U+043E)
(inputenc)                not set up for use with LaTeX.

See the inputenc package documentation for explanation.
Type  H <return>  for immediate help.
 ...                                              
                                                  
l.10     –ï—Å–ª–∏ –≥–æ–≤–æ
                          —Ä–∏—Ç—å —á—É—Ç—å —Ç–æ—á–Ω–µ–µ, —Ç–æ –º–Ω–æ–∂–µ—Å—...
You may provide a definition with
\DeclareUnicodeCharacter 


./1lecture.tex:10: Package inputenc Error: Unicode character —Ä (U+0440)
(inputenc)                not set up for use with LaTeX.

See the inputenc package documentation for explanation.
Type  H <return>  for immediate help.
 ...                                              
                                                  
l.10     –ï—Å–ª–∏ –≥–æ–≤–æ—Ä
                            –∏—Ç—å —á—É—Ç—å —Ç–æ—á–Ω–µ–µ, —Ç–æ –º–Ω–æ–∂–µ—Å—...
You may provide a definition with
\DeclareUnicodeCharacter 


./1lecture.tex:10: Package inputenc Error: Unicode character –∏ (U+0438)
(inputenc)                not set up for use with LaTeX.

See the inputenc package documentation for explanation.
Type  H <return>  for immediate help.
 ...                                              
                                                  
l.10     –ï—Å–ª–∏ –≥–æ–≤–æ—Ä–∏
                              —Ç—å —á—É—Ç—å —Ç–æ—á–Ω–µ–µ, —Ç–æ –º–Ω–æ–∂–µ—Å—...
You may provide a definition with
\DeclareUnicodeCharacter 


./1lecture.tex:10: Package inputenc Error: Unicode character —Ç (U+0442)
(inputenc)                not set up for use with LaTeX.

See the inputenc package documentation for explanation.
Type  H <return>  for immediate help.
 ...                                              
                                                  
l.10     –ï—Å–ª–∏ –≥–æ–≤–æ—Ä–∏—Ç
                                —å —á—É—Ç—å —Ç–æ—á–Ω–µ–µ, —Ç–æ –º–Ω–æ–∂–µ—Å—...
You may provide a definition with
\DeclareUnicodeCharacter 


./1lecture.tex:10: Package inputenc Error: Unicode character —å (U+044C)
(inputenc)                not set up for use with LaTeX.

See the inputenc package documentation for explanation.
Type  H <return>  for immediate help.
 ...                                              
                                                  
l.10     –ï—Å–ª–∏ –≥–æ–≤–æ—Ä–∏—Ç—å
                                   —á—É—Ç—å —Ç–æ—á–Ω–µ–µ, —Ç–æ –º–Ω–æ–∂–µ—Å—...
You may provide a definition with
\DeclareUnicodeCharacter 


./1lecture.tex:10: Package inputenc Error: Unicode character —á (U+0447)
(inputenc)                not set up for use with LaTeX.

See the inputenc package documentation for explanation.
Type  H <return>  for immediate help.
 ...                                              
                                                  
l.10     –ï—Å–ª–∏ –≥–æ–≤–æ—Ä–∏—Ç—å —á
                                     —É—Ç—å —Ç–æ—á–Ω–µ–µ, —Ç–æ –º–Ω–æ–∂–µ—Å—...
You may provide a definition with
\DeclareUnicodeCharacter 


./1lecture.tex:10: Package inputenc Error: Unicode character —É (U+0443)
(inputenc)                not set up for use with LaTeX.

See the inputenc package documentation for explanation.
Type  H <return>  for immediate help.
 ...                                              
                                                  
l.10     –ï—Å–ª–∏ –≥–æ–≤–æ—Ä–∏—Ç—å —á—É
                                       —Ç—å —Ç–æ—á–Ω–µ–µ, —Ç–æ –º–Ω–æ–∂–µ—Å—...
You may provide a definition with
\DeclareUnicodeCharacter 


./1lecture.tex:10: Package inputenc Error: Unicode character —Ç (U+0442)
(inputenc)                not set up for use with LaTeX.

See the inputenc package documentation for explanation.
Type  H <return>  for immediate help.
 ...                                              
                                                  
l.10     –ï—Å–ª–∏ –≥–æ–≤–æ—Ä–∏—Ç—å —á—É—Ç
                                         —å —Ç–æ—á–Ω–µ–µ, —Ç–æ –º–Ω–æ–∂–µ—Å—...
You may provide a definition with
\DeclareUnicodeCharacter 


./1lecture.tex:10: Package inputenc Error: Unicode character —å (U+044C)
(inputenc)                not set up for use with LaTeX.

See the inputenc package documentation for explanation.
Type  H <return>  for immediate help.
 ...                                              
                                                  
l.10     –ï—Å–ª–∏ –≥–æ–≤–æ—Ä–∏—Ç—å —á—É—Ç—å
                                            —Ç–æ—á–Ω–µ–µ, —Ç–æ –º–Ω–æ–∂–µ—Å—...
You may provide a definition with
\DeclareUnicodeCharacter 


./1lecture.tex:10: Package inputenc Error: Unicode character —Ç (U+0442)
(inputenc)                not set up for use with LaTeX.

See the inputenc package documentation for explanation.
Type  H <return>  for immediate help.
 ...                                              
                                                  
l.10     –ï—Å–ª–∏ –≥–æ–≤–æ—Ä–∏—Ç—å —á—É—Ç—å —Ç
                                              –æ—á–Ω–µ–µ, —Ç–æ –º–Ω–æ–∂–µ—Å—...
You may provide a definition with
\DeclareUnicodeCharacter 


./1lecture.tex:10: Package inputenc Error: Unicode character –æ (U+043E)
(inputenc)                not set up for use with LaTeX.

See the inputenc package documentation for explanation.
Type  H <return>  for immediate help.
 ...                                              
                                                  
l.10     –ï—Å–ª–∏ –≥–æ–≤–æ—Ä–∏—Ç—å —á—É—Ç—å —Ç–æ
                                                —á–Ω–µ–µ, —Ç–æ –º–Ω–æ–∂–µ—Å—...
You may provide a definition with
\DeclareUnicodeCharacter 


./1lecture.tex:10: Package inputenc Error: Unicode character —á (U+0447)
(inputenc)                not set up for use with LaTeX.

See the inputenc package documentation for explanation.
Type  H <return>  for immediate help.
 ...                                              
                                                  
l.10     –ï—Å–ª–∏ –≥–æ–≤–æ—Ä–∏—Ç—å —á—É—Ç—å —Ç–æ—á
                                                  –Ω–µ–µ, —Ç–æ –º–Ω–æ–∂–µ—Å—...
You may provide a definition with
\DeclareUnicodeCharacter 


./1lecture.tex:10: Package inputenc Error: Unicode character –Ω (U+043D)
(inputenc)                not set up for use with LaTeX.

See the inputenc package documentation for explanation.
Type  H <return>  for immediate help.
 ...                                              
                                                  
l.10 ...ï—Å–ª–∏ –≥–æ–≤–æ—Ä–∏—Ç—å —á—É—Ç—å —Ç–æ—á–Ω
                                                  –µ–µ, —Ç–æ –º–Ω–æ–∂–µ—Å—Ç–...
You may provide a definition with
\DeclareUnicodeCharacter 


./1lecture.tex:10: Package inputenc Error: Unicode character –µ (U+0435)
(inputenc)                not set up for use with LaTeX.

See the inputenc package documentation for explanation.
Type  H <return>  for immediate help.
 ...                                              
                                                  
l.10 ...Å–ª–∏ –≥–æ–≤–æ—Ä–∏—Ç—å —á—É—Ç—å —Ç–æ—á–Ω–µ
                                                  –µ, —Ç–æ –º–Ω–æ–∂–µ—Å—Ç–≤–...
You may provide a definition with
\DeclareUnicodeCharacter 


./1lecture.tex:10: Package inputenc Error: Unicode character –µ (U+0435)
(inputenc)                not set up for use with LaTeX.

See the inputenc package documentation for explanation.
Type  H <return>  for immediate help.
 ...                                              
                                                  
l.10 ...ª–∏ –≥–æ–≤–æ—Ä–∏—Ç—å —á—É—Ç—å —Ç–æ—á–Ω–µ–µ
                                                  , —Ç–æ –º–Ω–æ–∂–µ—Å—Ç–≤–æ ...
You may provide a definition with
\DeclareUnicodeCharacter 


./1lecture.tex:10: LaTeX Error: Missing \begin{document}.

See the LaTeX manual or LaTeX Companion for explanation.
Type  H <return>  for immediate help.
 ...                                              
                                                  
l.10 ...–∏ –≥–æ–≤–æ—Ä–∏—Ç—å —á—É—Ç—å —Ç–æ—á–Ω–µ–µ,
                                                   —Ç–æ –º–Ω–æ–∂–µ—Å—Ç–≤–æ —...
You're in trouble here.  Try typing  <return>  to proceed.
If that doesn't work, type  X <return>  to quit.

Missing character: There is no , in font nullfont!

./1lecture.tex:10: Package inputenc Error: Unicode character —Ç (U+0442)
(inputenc)                not set up for use with LaTeX.

See the inputenc package documentation for explanation.
Type  H <return>  for immediate help.
 ...                                              
                                                  
l.10 ...–≥–æ–≤–æ—Ä–∏—Ç—å —á—É—Ç—å —Ç–æ—á–Ω–µ–µ, —Ç
                                                  –æ –º–Ω–æ–∂–µ—Å—Ç–≤–æ —Å—á...
You may provide a definition with
\DeclareUnicodeCharacter 


./1lecture.tex:10: Package inputenc Error: Unicode character –æ (U+043E)
(inputenc)                not set up for use with LaTeX.

See the inputenc package documentation for explanation.
Type  H <return>  for immediate help.
 ...                                              
                                                  
l.10 ...–æ–≤–æ—Ä–∏—Ç—å —á—É—Ç—å —Ç–æ—á–Ω–µ–µ, —Ç–æ
                                                   –º–Ω–æ–∂–µ—Å—Ç–≤–æ —Å—á–∏...
You may provide a definition with
\DeclareUnicodeCharacter 


./1lecture.tex:10: Package inputenc Error: Unicode character –º (U+043C)
(inputenc)                not set up for use with LaTeX.

See the inputenc package documentation for explanation.
Type  H <return>  for immediate help.
 ...                                              
                                                  
l.10 ...≤–æ—Ä–∏—Ç—å —á—É—Ç—å —Ç–æ—á–Ω–µ–µ, —Ç–æ –º
                                                  –Ω–æ–∂–µ—Å—Ç–≤–æ —Å—á–∏—Ç–...
You may provide a definition with
\DeclareUnicodeCharacter 


./1lecture.tex:10: Package inputenc Error: Unicode character –Ω (U+043D)
(inputenc)                not set up for use with LaTeX.

See the inputenc package documentation for explanation.
Type  H <return>  for immediate help.
 ...                                              
                                                  
l.10 ...æ—Ä–∏—Ç—å —á—É—Ç—å —Ç–æ—á–Ω–µ–µ, —Ç–æ –º–Ω
                                                  –æ–∂–µ—Å—Ç–≤–æ —Å—á–∏—Ç–∞–...
You may provide a definition with
\DeclareUnicodeCharacter 


./1lecture.tex:10: Package inputenc Error: Unicode character –æ (U+043E)
(inputenc)                not set up for use with LaTeX.

See the inputenc package documentation for explanation.
Type  H <return>  for immediate help.
 ...                                              
                                                  
l.10 ...Ä–∏—Ç—å —á—É—Ç—å —Ç–æ—á–Ω–µ–µ, —Ç–æ –º–Ω–æ
                                                  –∂–µ—Å—Ç–≤–æ —Å—á–∏—Ç–∞–µ—...
You may provide a definition with
\DeclareUnicodeCharacter 


./1lecture.tex:10: Package inputenc Error: Unicode character –∂ (U+0436)
(inputenc)                not set up for use with LaTeX.

See the inputenc package documentation for explanation.
Type  H <return>  for immediate help.
 ...                                              
                                                  
l.10 ...∏—Ç—å —á—É—Ç—å —Ç–æ—á–Ω–µ–µ, —Ç–æ –º–Ω–æ–∂
                                                  –µ—Å—Ç–≤–æ —Å—á–∏—Ç–∞–µ—Ç—...
You may provide a definition with
\DeclareUnicodeCharacter 


./1lecture.tex:10: Package inputenc Error: Unicode character –µ (U+0435)
(inputenc)                not set up for use with LaTeX.

See the inputenc package documentation for explanation.
Type  H <return>  for immediate help.
 ...                                              
                                                  
l.10 ...Ç—å —á—É—Ç—å —Ç–æ—á–Ω–µ–µ, —Ç–æ –º–Ω–æ–∂–µ
                                                  —Å—Ç–≤–æ —Å—á–∏—Ç–∞–µ—Ç—Å—...
You may provide a definition with
\DeclareUnicodeCharacter 


./1lecture.tex:10: Package inputenc Error: Unicode character —Å (U+0441)
(inputenc)                not set up for use with LaTeX.

See the inputenc package documentation for explanation.
Type  H <return>  for immediate help.
 ...                                              
                                                  
l.10 ...å —á—É—Ç—å —Ç–æ—á–Ω–µ–µ, —Ç–æ –º–Ω–æ–∂–µ—Å
                                                  —Ç–≤–æ —Å—á–∏—Ç–∞–µ—Ç—Å—è ...
You may provide a definition with
\DeclareUnicodeCharacter 


./1lecture.tex:10: Package inputenc Error: Unicode character —Ç (U+0442)
(inputenc)                not set up for use with LaTeX.

See the inputenc package documentation for explanation.
Type  H <return>  for immediate help.
 ...                                              
                                                  
l.10 ...—á—É—Ç—å —Ç–æ—á–Ω–µ–µ, —Ç–æ –º–Ω–æ–∂–µ—Å—Ç
                                                  –≤–æ —Å—á–∏—Ç–∞–µ—Ç—Å—è –Ω...
You may provide a definition with
\DeclareUnicodeCharacter 


./1lecture.tex:10: Package inputenc Error: Unicode character –≤ (U+0432)
(inputenc)                not set up for use with LaTeX.

See the inputenc package documentation for explanation.
Type  H <return>  for immediate help.
 ...                                              
                                                  
l.10 ...—É—Ç—å —Ç–æ—á–Ω–µ–µ, —Ç–æ –º–Ω–æ–∂–µ—Å—Ç–≤
                                                  –æ —Å—á–∏—Ç–∞–µ—Ç—Å—è –Ω–µ...
You may provide a definition with
\DeclareUnicodeCharacter 


./1lecture.tex:10: Package inputenc Error: Unicode character –æ (U+043E)
(inputenc)                not set up for use with LaTeX.

See the inputenc package documentation for explanation.
Type  H <return>  for immediate help.
 ...                                              
                                                  
l.10 ...—Ç—å —Ç–æ—á–Ω–µ–µ, —Ç–æ –º–Ω–æ–∂–µ—Å—Ç–≤–æ
                                                   —Å—á–∏—Ç–∞–µ—Ç—Å—è –Ω–µ–æ...
You may provide a definition with
\DeclareUnicodeCharacter 


./1lecture.tex:10: Package inputenc Error: Unicode character —Å (U+0441)
(inputenc)                not set up for use with LaTeX.

See the inputenc package documentation for explanation.
Type  H <return>  for immediate help.
 ...                                              
                                                  
l.10 ...å —Ç–æ—á–Ω–µ–µ, —Ç–æ –º–Ω–æ–∂–µ—Å—Ç–≤–æ —Å
                                                  —á–∏—Ç–∞–µ—Ç—Å—è –Ω–µ–æ–ø—...
You may provide a definition with
\DeclareUnicodeCharacter 


./1lecture.tex:10: Package inputenc Error: Unicode character —á (U+0447)
(inputenc)                not set up for use with LaTeX.

See the inputenc package documentation for explanation.
Type  H <return>  for immediate help.
 ...                                              
                                                  
l.10 ...—Ç–æ—á–Ω–µ–µ, —Ç–æ –º–Ω–æ–∂–µ—Å—Ç–≤–æ —Å—á
                                                  –∏—Ç–∞–µ—Ç—Å—è –Ω–µ–æ–ø—Ä–...
You may provide a definition with
\DeclareUnicodeCharacter 


./1lecture.tex:10: Package inputenc Error: Unicode character –∏ (U+0438)
(inputenc)                not set up for use with LaTeX.

See the inputenc package documentation for explanation.
Type  H <return>  for immediate help.
 ...                                              
                                                  
l.10 ...–æ—á–Ω–µ–µ, —Ç–æ –º–Ω–æ–∂–µ—Å—Ç–≤–æ —Å—á–∏
                                                  —Ç–∞–µ—Ç—Å—è –Ω–µ–æ–ø—Ä–µ–...
You may provide a definition with
\DeclareUnicodeCharacter 


./1lecture.tex:10: Package inputenc Error: Unicode character —Ç (U+0442)
(inputenc)                not set up for use with LaTeX.

See the inputenc package documentation for explanation.
Type  H <return>  for immediate help.
 ...                                              
                                                  
l.10 ...—á–Ω–µ–µ, —Ç–æ –º–Ω–æ–∂–µ—Å—Ç–≤–æ —Å—á–∏—Ç
                                                  –∞–µ—Ç—Å—è –Ω–µ–æ–ø—Ä–µ–¥–...
You may provide a definition with
\DeclareUnicodeCharacter 


./1lecture.tex:10: Package inputenc Error: Unicode character –∞ (U+0430)
(inputenc)                not set up for use with LaTeX.

See the inputenc package documentation for explanation.
Type  H <return>  for immediate help.
 ...                                              
                                                  
l.10 ...–Ω–µ–µ, —Ç–æ –º–Ω–æ–∂–µ—Å—Ç–≤–æ —Å—á–∏—Ç–∞
                                                  –µ—Ç—Å—è –Ω–µ–æ–ø—Ä–µ–¥–µ–...
You may provide a definition with
\DeclareUnicodeCharacter 


./1lecture.tex:10: Package inputenc Error: Unicode character –µ (U+0435)
(inputenc)                not set up for use with LaTeX.

See the inputenc package documentation for explanation.
Type  H <return>  for immediate help.
 ...                                              
                                                  
l.10 ...–µ–µ, —Ç–æ –º–Ω–æ–∂–µ—Å—Ç–≤–æ —Å—á–∏—Ç–∞–µ
                                                  —Ç—Å—è –Ω–µ–æ–ø—Ä–µ–¥–µ–ª—...
You may provide a definition with
\DeclareUnicodeCharacter 


./1lecture.tex:10: Package inputenc Error: Unicode character —Ç (U+0442)
(inputenc)                not set up for use with LaTeX.

See the inputenc package documentation for explanation.
Type  H <return>  for immediate help.
 ...                                              
                                                  
l.10 ...–µ, —Ç–æ –º–Ω–æ–∂–µ—Å—Ç–≤–æ —Å—á–∏—Ç–∞–µ—Ç
                                                  —Å—è –Ω–µ–æ–ø—Ä–µ–¥–µ–ª—è–...
You may provide a definition with
\DeclareUnicodeCharacter 


./1lecture.tex:10: Package inputenc Error: Unicode character —Å (U+0441)
(inputenc)                not set up for use with LaTeX.

See the inputenc package documentation for explanation.
Type  H <return>  for immediate help.
 ...                                              
                                                  
l.10 ..., —Ç–æ –º–Ω–æ–∂–µ—Å—Ç–≤–æ —Å—á–∏—Ç–∞–µ—Ç—Å
                                                  —è –Ω–µ–æ–ø—Ä–µ–¥–µ–ª—è–µ–...
You may provide a definition with
\DeclareUnicodeCharacter 


./1lecture.tex:10: Package inputenc Error: Unicode character —è (U+044F)
(inputenc)                not set up for use with LaTeX.

See the inputenc package documentation for explanation.
Type  H <return>  for immediate help.
 ...                                              
                                                  
l.10 ...—Ç–æ –º–Ω–æ–∂–µ—Å—Ç–≤–æ —Å—á–∏—Ç–∞–µ—Ç—Å—è
                                                   –Ω–µ–æ–ø—Ä–µ–¥–µ–ª—è–µ–º—...
You may provide a definition with
\DeclareUnicodeCharacter 


./1lecture.tex:10: Package inputenc Error: Unicode character –Ω (U+043D)
(inputenc)                not set up for use with LaTeX.

See the inputenc package documentation for explanation.
Type  H <return>  for immediate help.
 ...                                              
                                                  
l.10 ...æ –º–Ω–æ–∂–µ—Å—Ç–≤–æ —Å—á–∏—Ç–∞–µ—Ç—Å—è –Ω
                                                  –µ–æ–ø—Ä–µ–¥–µ–ª—è–µ–º—ã–º...
You may provide a definition with
\DeclareUnicodeCharacter 


./1lecture.tex:10: Package inputenc Error: Unicode character –µ (U+0435)
(inputenc)                not set up for use with LaTeX.

See the inputenc package documentation for explanation.
Type  H <return>  for immediate help.
 ...                                              
                                                  
l.10 ...–º–Ω–æ–∂–µ—Å—Ç–≤–æ —Å—á–∏—Ç–∞–µ—Ç—Å—è –Ω–µ
                                                  –æ–ø—Ä–µ–¥–µ–ª—è–µ–º—ã–º –...
You may provide a definition with
\DeclareUnicodeCharacter 


./1lecture.tex:10: Package inputenc Error: Unicode character –æ (U+043E)
(inputenc)                not set up for use with LaTeX.

See the inputenc package documentation for explanation.
Type  H <return>  for immediate help.
 ...                                              
                                                  
l.10 ...–Ω–æ–∂–µ—Å—Ç–≤–æ —Å—á–∏—Ç–∞–µ—Ç—Å—è –Ω–µ–æ
                                                  –ø—Ä–µ–¥–µ–ª—è–µ–º—ã–º –ø–...
You may provide a definition with
\DeclareUnicodeCharacter 


./1lecture.tex:10: Package inputenc Error: Unicode character –ø (U+043F)
(inputenc)                not set up for use with LaTeX.

See the inputenc package documentation for explanation.
Type  H <return>  for immediate help.
 ...                                              
                                                  
l.10 ...–æ–∂–µ—Å—Ç–≤–æ —Å—á–∏—Ç–∞–µ—Ç—Å—è –Ω–µ–æ–ø
                                                  —Ä–µ–¥–µ–ª—è–µ–º—ã–º –ø–æ–...
You may provide a definition with
\DeclareUnicodeCharacter 


./1lecture.tex:10: Package inputenc Error: Unicode character —Ä (U+0440)
(inputenc)                not set up for use with LaTeX.

See the inputenc package documentation for explanation.
Type  H <return>  for immediate help.
 ...                                              
                                                  
l.10 ...–∂–µ—Å—Ç–≤–æ —Å—á–∏—Ç–∞–µ—Ç—Å—è –Ω–µ–æ–ø—Ä
                                                  –µ–¥–µ–ª—è–µ–º—ã–º –ø–æ–Ω—...
You may provide a definition with
\DeclareUnicodeCharacter 


./1lecture.tex:10: Package inputenc Error: Unicode character –µ (U+0435)
(inputenc)                not set up for use with LaTeX.

See the inputenc package documentation for explanation.
Type  H <return>  for immediate help.
 ...                                              
                                                  
l.10 ...–µ—Å—Ç–≤–æ —Å—á–∏—Ç–∞–µ—Ç—Å—è –Ω–µ–æ–ø—Ä–µ
                                                  –¥–µ–ª—è–µ–º—ã–º –ø–æ–Ω—è—...
You may provide a definition with
\DeclareUnicodeCharacter 


./1lecture.tex:10: Package inputenc Error: Unicode character –¥ (U+0434)
(inputenc)                not set up for use with LaTeX.

See the inputenc package documentation for explanation.
Type  H <return>  for immediate help.
 ...                                              
                                                  
l.10 ...—Å—Ç–≤–æ —Å—á–∏—Ç–∞–µ—Ç—Å—è –Ω–µ–æ–ø—Ä–µ–¥
                                                  –µ–ª—è–µ–º—ã–º –ø–æ–Ω—è—Ç–...
You may provide a definition with
\DeclareUnicodeCharacter 


./1lecture.tex:10: Package inputenc Error: Unicode character –µ (U+0435)
(inputenc)                not set up for use with LaTeX.

See the inputenc package documentation for explanation.
Type  H <return>  for immediate help.
 ...                                              
                                                  
l.10 ...—Ç–≤–æ —Å—á–∏—Ç–∞–µ—Ç—Å—è –Ω–µ–æ–ø—Ä–µ–¥–µ
                                                  –ª—è–µ–º—ã–º –ø–æ–Ω—è—Ç–∏–...
You may provide a definition with
\DeclareUnicodeCharacter 


./1lecture.tex:10: Package inputenc Error: Unicode character –ª (U+043B)
(inputenc)                not set up for use with LaTeX.

See the inputenc package documentation for explanation.
Type  H <return>  for immediate help.
 ...                                              
                                                  
l.10 ...–≤–æ —Å—á–∏—Ç–∞–µ—Ç—Å—è –Ω–µ–æ–ø—Ä–µ–¥–µ–ª
                                                  —è–µ–º—ã–º –ø–æ–Ω—è—Ç–∏–µ–...
You may provide a definition with
\DeclareUnicodeCharacter 


./1lecture.tex:10: Package inputenc Error: Unicode character —è (U+044F)
(inputenc)                not set up for use with LaTeX.

See the inputenc package documentation for explanation.
Type  H <return>  for immediate help.
 ...                                              
                                                  
l.10 ...–æ —Å—á–∏—Ç–∞–µ—Ç—Å—è –Ω–µ–æ–ø—Ä–µ–¥–µ–ª—è
                                                  –µ–º—ã–º –ø–æ–Ω—è—Ç–∏–µ–º,...
You may provide a definition with
\DeclareUnicodeCharacter 


./1lecture.tex:10: Package inputenc Error: Unicode character –µ (U+0435)
(inputenc)                not set up for use with LaTeX.

See the inputenc package documentation for explanation.
Type  H <return>  for immediate help.
 ...                                              
                                                  
l.10 ... —Å—á–∏—Ç–∞–µ—Ç—Å—è –Ω–µ–æ–ø—Ä–µ–¥–µ–ª—è–µ
                                                  –º—ã–º –ø–æ–Ω—è—Ç–∏–µ–º, —...
You may provide a definition with
\DeclareUnicodeCharacter 


./1lecture.tex:10: Package inputenc Error: Unicode character –º (U+043C)
(inputenc)                not set up for use with LaTeX.

See the inputenc package documentation for explanation.
Type  H <return>  for immediate help.
 ...                                              
                                                  
l.10 ...Å—á–∏—Ç–∞–µ—Ç—Å—è –Ω–µ–æ–ø—Ä–µ–¥–µ–ª—è–µ–º
                                                  —ã–º –ø–æ–Ω—è—Ç–∏–µ–º, —Ç–...
You may provide a definition with
\DeclareUnicodeCharacter 


./1lecture.tex:10: Package inputenc Error: Unicode character —ã (U+044B)
(inputenc)                not set up for use with LaTeX.

See the inputenc package documentation for explanation.
Type  H <return>  for immediate help.
 ...                                              
                                                  
l.10 ...á–∏—Ç–∞–µ—Ç—Å—è –Ω–µ–æ–ø—Ä–µ–¥–µ–ª—è–µ–º—ã
                                                  –º –ø–æ–Ω—è—Ç–∏–µ–º, —Ç–∞–...
You may provide a definition with
\DeclareUnicodeCharacter 


./1lecture.tex:10: Package inputenc Error: Unicode character –º (U+043C)
(inputenc)                not set up for use with LaTeX.

See the inputenc package documentation for explanation.
Type  H <return>  for immediate help.
 ...                                              
                                                  
l.10 ...∏—Ç–∞–µ—Ç—Å—è –Ω–µ–æ–ø—Ä–µ–¥–µ–ª—è–µ–º—ã–º
                                                   –ø–æ–Ω—è—Ç–∏–µ–º, —Ç–∞–∫ ...
You may provide a definition with
\DeclareUnicodeCharacter 


./1lecture.tex:10: Package inputenc Error: Unicode character –ø (U+043F)
(inputenc)                not set up for use with LaTeX.

See the inputenc package documentation for explanation.
Type  H <return>  for immediate help.
 ...                                              
                                                  
l.10 ...–∞–µ—Ç—Å—è –Ω–µ–æ–ø—Ä–µ–¥–µ–ª—è–µ–º—ã–º –ø
                                                  –æ–Ω—è—Ç–∏–µ–º, —Ç–∞–∫ –∫–...
You may provide a definition with
\DeclareUnicodeCharacter 


./1lecture.tex:10: Package inputenc Error: Unicode character –æ (U+043E)
(inputenc)                not set up for use with LaTeX.

See the inputenc package documentation for explanation.
Type  H <return>  for immediate help.
 ...                                              
                                                  
l.10 ...–µ—Ç—Å—è –Ω–µ–æ–ø—Ä–µ–¥–µ–ª—è–µ–º—ã–º –ø–æ
                                                  –Ω—è—Ç–∏–µ–º, —Ç–∞–∫ –∫–∞–...
You may provide a definition with
\DeclareUnicodeCharacter 


./1lecture.tex:10: Package inputenc Error: Unicode character –Ω (U+043D)
(inputenc)                not set up for use with LaTeX.

See the inputenc package documentation for explanation.
Type  H <return>  for immediate help.
 ...                                              
                                                  
l.10 ...—Ç—Å—è –Ω–µ–æ–ø—Ä–µ–¥–µ–ª—è–µ–º—ã–º –ø–æ–Ω
                                                  —è—Ç–∏–µ–º, —Ç–∞–∫ –∫–∞–∫ ...
You may provide a definition with
\DeclareUnicodeCharacter 


./1lecture.tex:10: Package inputenc Error: Unicode character —è (U+044F)
(inputenc)                not set up for use with LaTeX.

See the inputenc package documentation for explanation.
Type  H <return>  for immediate help.
 ...                                              
                                                  
l.10 ...—Å—è –Ω–µ–æ–ø—Ä–µ–¥–µ–ª—è–µ–º—ã–º –ø–æ–Ω—è
                                                  —Ç–∏–µ–º, —Ç–∞–∫ –∫–∞–∫ –µ...
You may provide a definition with
\DeclareUnicodeCharacter 


./1lecture.tex:10: Package inputenc Error: Unicode character —Ç (U+0442)
(inputenc)                not set up for use with LaTeX.

See the inputenc package documentation for explanation.
Type  H <return>  for immediate help.
 ...                                              
                                                  
l.10 ...—è –Ω–µ–æ–ø—Ä–µ–¥–µ–ª—è–µ–º—ã–º –ø–æ–Ω—è—Ç
                                                  –∏–µ–º, —Ç–∞–∫ –∫–∞–∫ –µ–≥...
You may provide a definition with
\DeclareUnicodeCharacter 


./1lecture.tex:10: Package inputenc Error: Unicode character –∏ (U+0438)
(inputenc)                not set up for use with LaTeX.

See the inputenc package documentation for explanation.
Type  H <return>  for immediate help.
 ...                                              
                                                  
l.10 ... –Ω–µ–æ–ø—Ä–µ–¥–µ–ª—è–µ–º—ã–º –ø–æ–Ω—è—Ç–∏
                                                  –µ–º, —Ç–∞–∫ –∫–∞–∫ –µ–≥–æ...
You may provide a definition with
\DeclareUnicodeCharacter 


./1lecture.tex:10: Package inputenc Error: Unicode character –µ (U+0435)
(inputenc)                not set up for use with LaTeX.

See the inputenc package documentation for explanation.
Type  H <return>  for immediate help.
 ...                                              
                                                  
l.10 ...Ω–µ–æ–ø—Ä–µ–¥–µ–ª—è–µ–º—ã–º –ø–æ–Ω—è—Ç–∏–µ
                                                  –º, —Ç–∞–∫ –∫–∞–∫ –µ–≥–æ –...
You may provide a definition with
\DeclareUnicodeCharacter 


./1lecture.tex:10: Package inputenc Error: Unicode character –º (U+043C)
(inputenc)                not set up for use with LaTeX.

See the inputenc package documentation for explanation.
Type  H <return>  for immediate help.
 ...                                              
                                                  
l.10 ...µ–æ–ø—Ä–µ–¥–µ–ª—è–µ–º—ã–º –ø–æ–Ω—è—Ç–∏–µ–º
                                                  , —Ç–∞–∫ –∫–∞–∫ –µ–≥–æ –æ–...
You may provide a definition with
\DeclareUnicodeCharacter 

Missing character: There is no , in font nullfont!

./1lecture.tex:10: Package inputenc Error: Unicode character —Ç (U+0442)
(inputenc)                not set up for use with LaTeX.

See the inputenc package documentation for explanation.
Type  H <return>  for immediate help.
 ...                                              
                                                  
l.10 ...ø—Ä–µ–¥–µ–ª—è–µ–º—ã–º –ø–æ–Ω—è—Ç–∏–µ–º, —Ç
                                                  –∞–∫ –∫–∞–∫ –µ–≥–æ –æ–ø—Ä–...
You may provide a definition with
\DeclareUnicodeCharacter 


./1lecture.tex:10: Package inputenc Error: Unicode character –∞ (U+0430)
(inputenc)                not set up for use with LaTeX.

See the inputenc package documentation for explanation.
Type  H <return>  for immediate help.
 ...                                              
                                                  
l.10 ...Ä–µ–¥–µ–ª—è–µ–º—ã–º –ø–æ–Ω—è—Ç–∏–µ–º, —Ç–∞
                                                  –∫ –∫–∞–∫ –µ–≥–æ –æ–ø—Ä–µ–...
You may provide a definition with
\DeclareUnicodeCharacter 


./1lecture.tex:10: Package inputenc Error: Unicode character –∫ (U+043A)
(inputenc)                not set up for use with LaTeX.

See the inputenc package documentation for explanation.
Type  H <return>  for immediate help.
 ...                                              
                                                  
l.10 ...µ–¥–µ–ª—è–µ–º—ã–º –ø–æ–Ω—è—Ç–∏–µ–º, —Ç–∞–∫
                                                   –∫–∞–∫ –µ–≥–æ –æ–ø—Ä–µ–¥–...
You may provide a definition with
\DeclareUnicodeCharacter 


./1lecture.tex:10: Package inputenc Error: Unicode character –∫ (U+043A)
(inputenc)                not set up for use with LaTeX.

See the inputenc package documentation for explanation.
Type  H <return>  for immediate help.
 ...                                              
                                                  
l.10 ...–µ–ª—è–µ–º—ã–º –ø–æ–Ω—è—Ç–∏–µ–º, —Ç–∞–∫ –∫
                                                  –∞–∫ –µ–≥–æ –æ–ø—Ä–µ–¥–µ–ª...
You may provide a definition with
\DeclareUnicodeCharacter 


./1lecture.tex:10: Package inputenc Error: Unicode character –∞ (U+0430)
(inputenc)                not set up for use with LaTeX.

See the inputenc package documentation for explanation.
Type  H <return>  for immediate help.
 ...                                              
                                                  
l.10 ...–ª—è–µ–º—ã–º –ø–æ–Ω—è—Ç–∏–µ–º, —Ç–∞–∫ –∫–∞
                                                  –∫ –µ–≥–æ –æ–ø—Ä–µ–¥–µ–ª–µ...
You may provide a definition with
\DeclareUnicodeCharacter 


./1lecture.tex:10: Package inputenc Error: Unicode character –∫ (U+043A)
(inputenc)                not set up for use with LaTeX.

See the inputenc package documentation for explanation.
Type  H <return>  for immediate help.
 ...                                              
                                                  
l.10 ...—è–µ–º—ã–º –ø–æ–Ω—è—Ç–∏–µ–º, —Ç–∞–∫ –∫–∞–∫
                                                   –µ–≥–æ –æ–ø—Ä–µ–¥–µ–ª–µ–Ω...
You may provide a definition with
\DeclareUnicodeCharacter 


./1lecture.tex:10: Package inputenc Error: Unicode character –µ (U+0435)
(inputenc)                not set up for use with LaTeX.

See the inputenc package documentation for explanation.
Type  H <return>  for immediate help.
 ...                                              
                                                  
l.10 ...µ–º—ã–º –ø–æ–Ω—è—Ç–∏–µ–º, —Ç–∞–∫ –∫–∞–∫ –µ
                                                  –≥–æ –æ–ø—Ä–µ–¥–µ–ª–µ–Ω–∏–...
You may provide a definition with
\DeclareUnicodeCharacter 


./1lecture.tex:10: Package inputenc Error: Unicode character –≥ (U+0433)
(inputenc)                not set up for use with LaTeX.

See the inputenc package documentation for explanation.
Type  H <return>  for immediate help.
 ...                                              
                                                  
l.10 ...º—ã–º –ø–æ–Ω—è—Ç–∏–µ–º, —Ç–∞–∫ –∫–∞–∫ –µ–≥
                                                  –æ –æ–ø—Ä–µ–¥–µ–ª–µ–Ω–∏–µ ...
You may provide a definition with
\DeclareUnicodeCharacter 


./1lecture.tex:10: Package inputenc Error: Unicode character –æ (U+043E)
(inputenc)                not set up for use with LaTeX.

See the inputenc package documentation for explanation.
Type  H <return>  for immediate help.
 ...                                              
                                                  
l.10 ...ã–º –ø–æ–Ω—è—Ç–∏–µ–º, —Ç–∞–∫ –∫–∞–∫ –µ–≥–æ
                                                   –æ–ø—Ä–µ–¥–µ–ª–µ–Ω–∏–µ –¥...
You may provide a definition with
\DeclareUnicodeCharacter 


./1lecture.tex:10: Package inputenc Error: Unicode character –æ (U+043E)
(inputenc)                not set up for use with LaTeX.

See the inputenc package documentation for explanation.
Type  H <return>  for immediate help.
 ...                                              
                                                  
l.10 ... –ø–æ–Ω—è—Ç–∏–µ–º, —Ç–∞–∫ –∫–∞–∫ –µ–≥–æ –æ
                                                  –ø—Ä–µ–¥–µ–ª–µ–Ω–∏–µ –¥–∞—...
You may provide a definition with
\DeclareUnicodeCharacter 


./1lecture.tex:10: Package inputenc Error: Unicode character –ø (U+043F)
(inputenc)                not set up for use with LaTeX.

See the inputenc package documentation for explanation.
Type  H <return>  for immediate help.
 ...                                              
                                                  
l.10 ...ø–æ–Ω—è—Ç–∏–µ–º, —Ç–∞–∫ –∫–∞–∫ –µ–≥–æ –æ–ø
                                                  —Ä–µ–¥–µ–ª–µ–Ω–∏–µ –¥–∞—ë—...
You may provide a definition with
\DeclareUnicodeCharacter 


./1lecture.tex:10: Package inputenc Error: Unicode character —Ä (U+0440)
(inputenc)                not set up for use with LaTeX.

See the inputenc package documentation for explanation.
Type  H <return>  for immediate help.
 ...                                              
                                                  
l.10 ...æ–Ω—è—Ç–∏–µ–º, —Ç–∞–∫ –∫–∞–∫ –µ–≥–æ –æ–ø—Ä
                                                  –µ–¥–µ–ª–µ–Ω–∏–µ –¥–∞—ë—Ç—...
You may provide a definition with
\DeclareUnicodeCharacter 


./1lecture.tex:10: Package inputenc Error: Unicode character –µ (U+0435)
(inputenc)                not set up for use with LaTeX.

See the inputenc package documentation for explanation.
Type  H <return>  for immediate help.
 ...                                              
                                                  
l.10 ...Ω—è—Ç–∏–µ–º, —Ç–∞–∫ –∫–∞–∫ –µ–≥–æ –æ–ø—Ä–µ
                                                  –¥–µ–ª–µ–Ω–∏–µ –¥–∞—ë—Ç—Å—...
You may provide a definition with
\DeclareUnicodeCharacter 


./1lecture.tex:10: Package inputenc Error: Unicode character –¥ (U+0434)
(inputenc)                not set up for use with LaTeX.

See the inputenc package documentation for explanation.
Type  H <return>  for immediate help.
 ...                                              
                                                  
l.10 ...è—Ç–∏–µ–º, —Ç–∞–∫ –∫–∞–∫ –µ–≥–æ –æ–ø—Ä–µ–¥
                                                  –µ–ª–µ–Ω–∏–µ –¥–∞—ë—Ç—Å—è ...
You may provide a definition with
\DeclareUnicodeCharacter 


./1lecture.tex:10: Package inputenc Error: Unicode character –µ (U+0435)
(inputenc)                not set up for use with LaTeX.

See the inputenc package documentation for explanation.
Type  H <return>  for immediate help.
 ...                                              
                                                  
l.10 ...Ç–∏–µ–º, —Ç–∞–∫ –∫–∞–∫ –µ–≥–æ –æ–ø—Ä–µ–¥–µ
                                                  –ª–µ–Ω–∏–µ –¥–∞—ë—Ç—Å—è —á...
You may provide a definition with
\DeclareUnicodeCharacter 


./1lecture.tex:10: Package inputenc Error: Unicode character –ª (U+043B)
(inputenc)                not set up for use with LaTeX.

See the inputenc package documentation for explanation.
Type  H <return>  for immediate help.
 ...                                              
                                                  
l.10 ...∏–µ–º, —Ç–∞–∫ –∫–∞–∫ –µ–≥–æ –æ–ø—Ä–µ–¥–µ–ª
                                                  –µ–Ω–∏–µ –¥–∞—ë—Ç—Å—è —á–µ...
You may provide a definition with
\DeclareUnicodeCharacter 


./1lecture.tex:10: Package inputenc Error: Unicode character –µ (U+0435)
(inputenc)                not set up for use with LaTeX.

See the inputenc package documentation for explanation.
Type  H <return>  for immediate help.
 ...                                              
                                                  
l.10 ...µ–º, —Ç–∞–∫ –∫–∞–∫ –µ–≥–æ –æ–ø—Ä–µ–¥–µ–ª–µ
                                                  –Ω–∏–µ –¥–∞—ë—Ç—Å—è —á–µ—Ä...
You may provide a definition with
\DeclareUnicodeCharacter 


./1lecture.tex:10: Package inputenc Error: Unicode character –Ω (U+043D)
(inputenc)                not set up for use with LaTeX.

See the inputenc package documentation for explanation.
Type  H <return>  for immediate help.
 ...                                              
                                                  
l.10 ...º, —Ç–∞–∫ –∫–∞–∫ –µ–≥–æ –æ–ø—Ä–µ–¥–µ–ª–µ–Ω
                                                  –∏–µ –¥–∞—ë—Ç—Å—è —á–µ—Ä–µ...
You may provide a definition with
\DeclareUnicodeCharacter 


./1lecture.tex:10: Package inputenc Error: Unicode character –∏ (U+0438)
(inputenc)                not set up for use with LaTeX.

See the inputenc package documentation for explanation.
Type  H <return>  for immediate help.
 ...                                              
                                                  
l.10 ... —Ç–∞–∫ –∫–∞–∫ –µ–≥–æ –æ–ø—Ä–µ–¥–µ–ª–µ–Ω–∏
                                                  –µ –¥–∞—ë—Ç—Å—è —á–µ—Ä–µ–∑...
You may provide a definition with
\DeclareUnicodeCharacter 


./1lecture.tex:10: Package inputenc Error: Unicode character –µ (U+0435)
(inputenc)                not set up for use with LaTeX.

See the inputenc package documentation for explanation.
Type  H <return>  for immediate help.
 ...                                              
                                                  
l.10 ...Ç–∞–∫ –∫–∞–∫ –µ–≥–æ –æ–ø—Ä–µ–¥–µ–ª–µ–Ω–∏–µ
                                                   –¥–∞—ë—Ç—Å—è —á–µ—Ä–µ–∑ —...
You may provide a definition with
\DeclareUnicodeCharacter 


./1lecture.tex:10: Package inputenc Error: Unicode character –¥ (U+0434)
(inputenc)                not set up for use with LaTeX.

See the inputenc package documentation for explanation.
Type  H <return>  for immediate help.
 ...                                              
                                                  
l.10 ...–∫ –∫–∞–∫ –µ–≥–æ –æ–ø—Ä–µ–¥–µ–ª–µ–Ω–∏–µ –¥
                                                  –∞—ë—Ç—Å—è —á–µ—Ä–µ–∑ —Å–∏...
You may provide a definition with
\DeclareUnicodeCharacter 


./1lecture.tex:10: Package inputenc Error: Unicode character –∞ (U+0430)
(inputenc)                not set up for use with LaTeX.

See the inputenc package documentation for explanation.
Type  H <return>  for immediate help.
 ...                                              
                                                  
l.10 ... –∫–∞–∫ –µ–≥–æ –æ–ø—Ä–µ–¥–µ–ª–µ–Ω–∏–µ –¥–∞
                                                  —ë—Ç—Å—è —á–µ—Ä–µ–∑ —Å–∏–Ω...
You may provide a definition with
\DeclareUnicodeCharacter 


./1lecture.tex:10: Package inputenc Error: Unicode character —ë (U+0451)
(inputenc)                not set up for use with LaTeX.

See the inputenc package documentation for explanation.
Type  H <return>  for immediate help.
 ...                                              
                                                  
l.10 ...∫–∞–∫ –µ–≥–æ –æ–ø—Ä–µ–¥–µ–ª–µ–Ω–∏–µ –¥–∞—ë
                                                  —Ç—Å—è —á–µ—Ä–µ–∑ —Å–∏–Ω–æ...
You may provide a definition with
\DeclareUnicodeCharacter 


./1lecture.tex:10: Package inputenc Error: Unicode character —Ç (U+0442)
(inputenc)                not set up for use with LaTeX.

See the inputenc package documentation for explanation.
Type  H <return>  for immediate help.
 ...                                              
                                                  
l.10 ...∞–∫ –µ–≥–æ –æ–ø—Ä–µ–¥–µ–ª–µ–Ω–∏–µ –¥–∞—ë—Ç
                                                  —Å—è —á–µ—Ä–µ–∑ —Å–∏–Ω–æ–Ω...
You may provide a definition with
\DeclareUnicodeCharacter 


./1lecture.tex:10: Package inputenc Error: Unicode character —Å (U+0441)
(inputenc)                not set up for use with LaTeX.

See the inputenc package documentation for explanation.
Type  H <return>  for immediate help.
 ...                                              
                                                  
l.10 ...∫ –µ–≥–æ –æ–ø—Ä–µ–¥–µ–ª–µ–Ω–∏–µ –¥–∞—ë—Ç—Å
                                                  —è —á–µ—Ä–µ–∑ —Å–∏–Ω–æ–Ω–∏...
You may provide a definition with
\DeclareUnicodeCharacter 


./1lecture.tex:10: Package inputenc Error: Unicode character —è (U+044F)
(inputenc)                not set up for use with LaTeX.

See the inputenc package documentation for explanation.
Type  H <return>  for immediate help.
 ...                                              
                                                  
l.10 ...–µ–≥–æ –æ–ø—Ä–µ–¥–µ–ª–µ–Ω–∏–µ –¥–∞—ë—Ç—Å—è
                                                   —á–µ—Ä–µ–∑ —Å–∏–Ω–æ–Ω–∏–º...
You may provide a definition with
\DeclareUnicodeCharacter 


./1lecture.tex:10: Package inputenc Error: Unicode character —á (U+0447)
(inputenc)                not set up for use with LaTeX.

See the inputenc package documentation for explanation.
Type  H <return>  for immediate help.
 ...                                              
                                                  
l.10 ...≥–æ –æ–ø—Ä–µ–¥–µ–ª–µ–Ω–∏–µ –¥–∞—ë—Ç—Å—è —á
                                                  –µ—Ä–µ–∑ —Å–∏–Ω–æ–Ω–∏–º–∏—...
You may provide a definition with
\DeclareUnicodeCharacter 


./1lecture.tex:10: Package inputenc Error: Unicode character –µ (U+0435)
(inputenc)                not set up for use with LaTeX.

See the inputenc package documentation for explanation.
Type  H <return>  for immediate help.
 ...                                              
                                                  
l.10 ...æ –æ–ø—Ä–µ–¥–µ–ª–µ–Ω–∏–µ –¥–∞—ë—Ç—Å—è —á–µ
                                                  —Ä–µ–∑ —Å–∏–Ω–æ–Ω–∏–º–∏—á–...
You may provide a definition with
\DeclareUnicodeCharacter 


./1lecture.tex:10: Package inputenc Error: Unicode character —Ä (U+0440)
(inputenc)                not set up for use with LaTeX.

See the inputenc package documentation for explanation.
Type  H <return>  for immediate help.
 ...                                              
                                                  
l.10 ...–æ–ø—Ä–µ–¥–µ–ª–µ–Ω–∏–µ –¥–∞—ë—Ç—Å—è —á–µ—Ä
                                                  –µ–∑ —Å–∏–Ω–æ–Ω–∏–º–∏—á–Ω—...
You may provide a definition with
\DeclareUnicodeCharacter 


./1lecture.tex:10: Package inputenc Error: Unicode character –µ (U+0435)
(inputenc)                not set up for use with LaTeX.

See the inputenc package documentation for explanation.
Type  H <return>  for immediate help.
 ...                                              
                                                  
l.10 ...–ø—Ä–µ–¥–µ–ª–µ–Ω–∏–µ –¥–∞—ë—Ç—Å—è —á–µ—Ä–µ
                                                  –∑ —Å–∏–Ω–æ–Ω–∏–º–∏—á–Ω—ã–...
You may provide a definition with
\DeclareUnicodeCharacter 


./1lecture.tex:10: Package inputenc Error: Unicode character –∑ (U+0437)
(inputenc)                not set up for use with LaTeX.

See the inputenc package documentation for explanation.
Type  H <return>  for immediate help.
 ...                                              
                                                  
l.10 ...—Ä–µ–¥–µ–ª–µ–Ω–∏–µ –¥–∞—ë—Ç—Å—è —á–µ—Ä–µ–∑
                                                   —Å–∏–Ω–æ–Ω–∏–º–∏—á–Ω—ã–µ ...
You may provide a definition with
\DeclareUnicodeCharacter 


./1lecture.tex:10: Package inputenc Error: Unicode character —Å (U+0441)
(inputenc)                not set up for use with LaTeX.

See the inputenc package documentation for explanation.
Type  H <return>  for immediate help.
 ...                                              
                                                  
l.10 ...µ–¥–µ–ª–µ–Ω–∏–µ –¥–∞—ë—Ç—Å—è —á–µ—Ä–µ–∑ —Å
                                                  –∏–Ω–æ–Ω–∏–º–∏—á–Ω—ã–µ —Å–...
You may provide a definition with
\DeclareUnicodeCharacter 


./1lecture.tex:10: Package inputenc Error: Unicode character –∏ (U+0438)
(inputenc)                not set up for use with LaTeX.

See the inputenc package documentation for explanation.
Type  H <return>  for immediate help.
 ...                                              
                                                  
l.10 ...¥–µ–ª–µ–Ω–∏–µ –¥–∞—ë—Ç—Å—è —á–µ—Ä–µ–∑ —Å–∏
                                                  –Ω–æ–Ω–∏–º–∏—á–Ω—ã–µ —Å–ª–...
You may provide a definition with
\DeclareUnicodeCharacter 


./1lecture.tex:10: Package inputenc Error: Unicode character –Ω (U+043D)
(inputenc)                not set up for use with LaTeX.

See the inputenc package documentation for explanation.
Type  H <return>  for immediate help.
 ...                                              
                                                  
l.10 ...µ–ª–µ–Ω–∏–µ –¥–∞—ë—Ç—Å—è —á–µ—Ä–µ–∑ —Å–∏–Ω
                                                  –æ–Ω–∏–º–∏—á–Ω—ã–µ —Å–ª–æ–...
(That makes 100 errors; please try again.) 
Here is how much of TeX's memory you used:
 50 strings out of 483183
 780 string characters out of 5966292
 231602 words of memory out of 5000000
 15165 multiletter control sequences out of 15000+600000
 532684 words of font info for 25 fonts, out of 8000000 for 9000
 14 hyphenation exceptions out of 8191
 13i,1n,15p,325b,65s stack positions out of 5000i,500n,10000p,200000b,80000s

./1lecture.tex:10:  ==> Fatal error occurred, no output PDF file produced!
