\BOOKMARK [1][-]{section.1}{\376\377\0003\000-\004\117\000\040\004\073\004\065\004\072\004\106\004\070\004\117}{}% 1
\BOOKMARK [2][-]{subsection.1.1}{\376\377\004\036\004\061\004\112\004\117\004\062\004\073\004\065\004\075\004\070\004\117\000,\000\040\004\076\004\077\004\100\004\065\004\064\004\065\004\073\004\065\004\075\004\070\004\117\000\040\004\070\000\040\004\076\004\061\004\073\004\060\004\101\004\102\004\070\000\040\004\062\004\070\004\064\004\070\004\074\004\076\004\101\004\102\004\070}{section.1}% 2
\BOOKMARK [2][-]{subsection.1.2}{\376\377\000N\000a\000m\000e\000s\000p\000a\000c\000e}{section.1}% 3
\BOOKMARK [2][-]{subsection.1.3}{\376\377\004\022\004\113\004\100\004\060\004\066\004\065\004\075\004\070\004\117\000\040\004\070\000\040\004\076\004\077\004\065\004\100\004\060\004\102\004\076\004\100\004\113}{section.1}% 4
\BOOKMARK [1][-]{section.2}{\376\377\0004\000-\004\117\000\040\004\073\004\065\004\072\004\106\004\070\004\117}{}% 5
\BOOKMARK [2][-]{subsection.2.1}{\376\377\004\037\004\076\004\075\004\117\004\102\004\070\004\117\000\040\000l\000-\000v\000a\000l\000u\000e\000,\000\040\000r\000-\000v\000a\000l\000u\000e}{section.2}% 6
\BOOKMARK [2][-]{subsection.2.2}{\376\377\004\042\004\065\004\100\004\075\004\060\004\100\004\075\004\113\004\071\000\040\004\076\004\077\004\065\004\100\004\060\004\102\004\076\004\100}{section.2}% 7
\BOOKMARK [2][-]{subsection.2.3}{\376\377\004\036\004\077\004\065\004\100\004\060\004\102\004\076\004\100\000\040\000<\000<\004\067\004\060\004\077\004\117\004\102\004\060\004\117\000>\000>}{section.2}% 8
\BOOKMARK [2][-]{subsection.2.4}{\376\377\000S\000u\000b\000s\000c\000r\000i\000p\000t\000i\000o\000n\000\040\000\050\004\076\004\061\004\100\004\060\004\111\004\065\004\075\004\070\004\065\000\040\004\077\004\076\000\040\004\070\004\075\004\064\004\065\004\072\004\101\004\103\000\051}{section.2}% 9
\BOOKMARK [2][-]{subsection.2.5}{\376\377\000S\000i\000z\000e\000o\000f}{section.2}% 10
\BOOKMARK [2][-]{subsection.2.6}{\376\377\004\037\004\100\004\070\004\076\004\100\004\070\004\102\004\065\004\102\000\040\004\076\004\077\004\065\004\100\004\060\004\102\004\076\004\100\004\076\004\062}{section.2}% 11
\BOOKMARK [2][-]{subsection.2.7}{\376\377\004\036\004\110\004\070\004\061\004\072\004\060\000\040\004\072\004\076\004\074\004\077\004\070\004\073\004\117\004\106\004\070\004\070\000\040\000\050\000C\000E\000\051}{section.2}% 12
\BOOKMARK [1][-]{section.3}{\376\377\0005\000-\004\117\000\040\004\073\004\065\004\072\004\106\004\070\004\117}{}% 13
\BOOKMARK [2][-]{subsection.3.1}{\376\377\000R\000u\000n\000t\000i\000m\000e\000\040\000E\000r\000r\000o\000r\000\040\000\050\000R\000E\000\051}{section.3}% 14
\BOOKMARK [2][-]{subsection.3.2}{\376\377\000U\000n\000d\000e\000f\000i\000n\000e\000d\000\040\000B\000e\000h\000a\000v\000i\000o\000u\000r}{section.3}% 15
\BOOKMARK [2][-]{subsection.3.3}{\376\377\000U\000n\000s\000p\000e\000c\000i\000f\000i\000e\000d\000\040\000B\000e\000h\000a\000v\000i\000o\000u\000r}{section.3}% 16
\BOOKMARK [2][-]{subsection.3.4}{\376\377\004\043\004\072\004\060\004\067\004\060\004\102\004\065\004\073\004\070}{section.3}% 17
\BOOKMARK [2][-]{subsection.3.5}{\376\377\004\040\004\065\004\060\004\073\004\070\004\067\004\060\004\106\004\070\004\117\000\040\000s\000w\000a\000p}{section.3}% 18
\BOOKMARK [2][-]{subsection.3.6}{\376\377\004\036\004\077\004\065\004\100\004\060\004\106\004\070\004\070\000\040\004\075\004\060\004\064\000\040\004\103\004\072\004\060\004\067\004\060\004\102\004\065\004\073\004\117\004\074\004\070}{section.3}% 19
\BOOKMARK [1][-]{section.4}{\376\377\0006\000-\004\117\000\040\004\073\004\065\004\072\004\106\004\070\004\117}{}% 20
\BOOKMARK [2][-]{subsection.4.1}{\376\377\000N\000U\000L\000L\000\040\000v\000s\000\040\000n\000u\000l\000l\000p\000t\000r}{section.4}% 21
\BOOKMARK [2][-]{subsection.4.2}{\376\377\004\022\004\070\004\064\004\113\000\040\004\077\004\060\004\074\004\117\004\102\004\070}{section.4}% 22
