This is pdfTeX, Version 3.14159265-2.6-1.40.20 (TeX Live 2019/Debian) (preloaded format=pdflatex 2021.11.5)  5 NOV 2021 12:31
entering extended mode
 restricted \write18 enabled.
 %&-line parsing enabled.
**3lecture.tex
(./3lecture.tex
LaTeX2e <2020-02-02> patch level 2
L3 programming layer <2020-02-14>
! Undefined control sequence.
l.1 \section
            {–ù–∞–∏–≤–Ω–∞—è —Ç–µ–æ—Ä–∏—è –º–Ω–æ–∂–µ—Å—Ç–≤}
The control sequence at the end of the top line
of your error message was never \def'ed. If you have
misspelled it (e.g., `\hobx'), type `I' and the correct
spelling (e.g., `I\hbox'). Otherwise just continue,
and I'll forget about whatever was undefined.


! Package inputenc Error: Unicode character –ù (U+041D)
(inputenc)                not set up for use with LaTeX.

See the inputenc package documentation for explanation.
Type  H <return>  for immediate help.
 ...                                              
                                                  
l.1 \section{–ù
               –∞–∏–≤–Ω–∞—è —Ç–µ–æ—Ä–∏—è –º–Ω–æ–∂–µ—Å—Ç–≤}
You may provide a definition with
\DeclareUnicodeCharacter 


! Package inputenc Error: Unicode character –∞ (U+0430)
(inputenc)                not set up for use with LaTeX.

See the inputenc package documentation for explanation.
Type  H <return>  for immediate help.
 ...                                              
                                                  
l.1 \section{–ù–∞
                 –∏–≤–Ω–∞—è —Ç–µ–æ—Ä–∏—è –º–Ω–æ–∂–µ—Å—Ç–≤}
You may provide a definition with
\DeclareUnicodeCharacter 


! Package inputenc Error: Unicode character –∏ (U+0438)
(inputenc)                not set up for use with LaTeX.

See the inputenc package documentation for explanation.
Type  H <return>  for immediate help.
 ...                                              
                                                  
l.1 \section{–ù–∞–∏
                   –≤–Ω–∞—è —Ç–µ–æ—Ä–∏—è –º–Ω–æ–∂–µ—Å—Ç–≤}
You may provide a definition with
\DeclareUnicodeCharacter 


! Package inputenc Error: Unicode character –≤ (U+0432)
(inputenc)                not set up for use with LaTeX.

See the inputenc package documentation for explanation.
Type  H <return>  for immediate help.
 ...                                              
                                                  
l.1 \section{–ù–∞–∏–≤
                     –Ω–∞—è —Ç–µ–æ—Ä–∏—è –º–Ω–æ–∂–µ—Å—Ç–≤}
You may provide a definition with
\DeclareUnicodeCharacter 


! Package inputenc Error: Unicode character –Ω (U+043D)
(inputenc)                not set up for use with LaTeX.

See the inputenc package documentation for explanation.
Type  H <return>  for immediate help.
 ...                                              
                                                  
l.1 \section{–ù–∞–∏–≤–Ω
                       –∞—è —Ç–µ–æ—Ä–∏—è –º–Ω–æ–∂–µ—Å—Ç–≤}
You may provide a definition with
\DeclareUnicodeCharacter 


! Package inputenc Error: Unicode character –∞ (U+0430)
(inputenc)                not set up for use with LaTeX.

See the inputenc package documentation for explanation.
Type  H <return>  for immediate help.
 ...                                              
                                                  
l.1 \section{–ù–∞–∏–≤–Ω–∞
                         —è —Ç–µ–æ—Ä–∏—è –º–Ω–æ–∂–µ—Å—Ç–≤}
You may provide a definition with
\DeclareUnicodeCharacter 


! Package inputenc Error: Unicode character —è (U+044F)
(inputenc)                not set up for use with LaTeX.

See the inputenc package documentation for explanation.
Type  H <return>  for immediate help.
 ...                                              
                                                  
l.1 \section{–ù–∞–∏–≤–Ω–∞—è
                            —Ç–µ–æ—Ä–∏—è –º–Ω–æ–∂–µ—Å—Ç–≤}
You may provide a definition with
\DeclareUnicodeCharacter 


! Package inputenc Error: Unicode character —Ç (U+0442)
(inputenc)                not set up for use with LaTeX.

See the inputenc package documentation for explanation.
Type  H <return>  for immediate help.
 ...                                              
                                                  
l.1 \section{–ù–∞–∏–≤–Ω–∞—è —Ç
                              –µ–æ—Ä–∏—è –º–Ω–æ–∂–µ—Å—Ç–≤}
You may provide a definition with
\DeclareUnicodeCharacter 


! Package inputenc Error: Unicode character –µ (U+0435)
(inputenc)                not set up for use with LaTeX.

See the inputenc package documentation for explanation.
Type  H <return>  for immediate help.
 ...                                              
                                                  
l.1 \section{–ù–∞–∏–≤–Ω–∞—è —Ç–µ
                                –æ—Ä–∏—è –º–Ω–æ–∂–µ—Å—Ç–≤}
You may provide a definition with
\DeclareUnicodeCharacter 


! Package inputenc Error: Unicode character –æ (U+043E)
(inputenc)                not set up for use with LaTeX.

See the inputenc package documentation for explanation.
Type  H <return>  for immediate help.
 ...                                              
                                                  
l.1 \section{–ù–∞–∏–≤–Ω–∞—è —Ç–µ–æ
                                  —Ä–∏—è –º–Ω–æ–∂–µ—Å—Ç–≤}
You may provide a definition with
\DeclareUnicodeCharacter 


! Package inputenc Error: Unicode character —Ä (U+0440)
(inputenc)                not set up for use with LaTeX.

See the inputenc package documentation for explanation.
Type  H <return>  for immediate help.
 ...                                              
                                                  
l.1 \section{–ù–∞–∏–≤–Ω–∞—è —Ç–µ–æ—Ä
                                    –∏—è –º–Ω–æ–∂–µ—Å—Ç–≤}
You may provide a definition with
\DeclareUnicodeCharacter 


! Package inputenc Error: Unicode character –∏ (U+0438)
(inputenc)                not set up for use with LaTeX.

See the inputenc package documentation for explanation.
Type  H <return>  for immediate help.
 ...                                              
                                                  
l.1 \section{–ù–∞–∏–≤–Ω–∞—è —Ç–µ–æ—Ä–∏
                                      —è –º–Ω–æ–∂–µ—Å—Ç–≤}
You may provide a definition with
\DeclareUnicodeCharacter 


! Package inputenc Error: Unicode character —è (U+044F)
(inputenc)                not set up for use with LaTeX.

See the inputenc package documentation for explanation.
Type  H <return>  for immediate help.
 ...                                              
                                                  
l.1 \section{–ù–∞–∏–≤–Ω–∞—è —Ç–µ–æ—Ä–∏—è
                                         –º–Ω–æ–∂–µ—Å—Ç–≤}
You may provide a definition with
\DeclareUnicodeCharacter 


! Package inputenc Error: Unicode character –º (U+043C)
(inputenc)                not set up for use with LaTeX.

See the inputenc package documentation for explanation.
Type  H <return>  for immediate help.
 ...                                              
                                                  
l.1 \section{–ù–∞–∏–≤–Ω–∞—è —Ç–µ–æ—Ä–∏—è –º
                                           –Ω–æ–∂–µ—Å—Ç–≤}
You may provide a definition with
\DeclareUnicodeCharacter 


! Package inputenc Error: Unicode character –Ω (U+043D)
(inputenc)                not set up for use with LaTeX.

See the inputenc package documentation for explanation.
Type  H <return>  for immediate help.
 ...                                              
                                                  
l.1 \section{–ù–∞–∏–≤–Ω–∞—è —Ç–µ–æ—Ä–∏—è –º–Ω
                                             –æ–∂–µ—Å—Ç–≤}
You may provide a definition with
\DeclareUnicodeCharacter 


! Package inputenc Error: Unicode character –æ (U+043E)
(inputenc)                not set up for use with LaTeX.

See the inputenc package documentation for explanation.
Type  H <return>  for immediate help.
 ...                                              
                                                  
l.1 \section{–ù–∞–∏–≤–Ω–∞—è —Ç–µ–æ—Ä–∏—è –º–Ω–æ
                                               –∂–µ—Å—Ç–≤}
You may provide a definition with
\DeclareUnicodeCharacter 


! Package inputenc Error: Unicode character –∂ (U+0436)
(inputenc)                not set up for use with LaTeX.

See the inputenc package documentation for explanation.
Type  H <return>  for immediate help.
 ...                                              
                                                  
l.1 \section{–ù–∞–∏–≤–Ω–∞—è —Ç–µ–æ—Ä–∏—è –º–Ω–æ–∂
                                                 –µ—Å—Ç–≤}
You may provide a definition with
\DeclareUnicodeCharacter 


! Package inputenc Error: Unicode character –µ (U+0435)
(inputenc)                not set up for use with LaTeX.

See the inputenc package documentation for explanation.
Type  H <return>  for immediate help.
 ...                                              
                                                  
l.1 ...tion{–ù–∞–∏–≤–Ω–∞—è —Ç–µ–æ—Ä–∏—è –º–Ω–æ–∂–µ
                                                  —Å—Ç–≤}
You may provide a definition with
\DeclareUnicodeCharacter 


! Package inputenc Error: Unicode character —Å (U+0441)
(inputenc)                not set up for use with LaTeX.

See the inputenc package documentation for explanation.
Type  H <return>  for immediate help.
 ...                                              
                                                  
l.1 ...on{–ù–∞–∏–≤–Ω–∞—è —Ç–µ–æ—Ä–∏—è –º–Ω–æ–∂–µ—Å
                                                  —Ç–≤}
You may provide a definition with
\DeclareUnicodeCharacter 


! Package inputenc Error: Unicode character —Ç (U+0442)
(inputenc)                not set up for use with LaTeX.

See the inputenc package documentation for explanation.
Type  H <return>  for immediate help.
 ...                                              
                                                  
l.1 ...{–ù–∞–∏–≤–Ω–∞—è —Ç–µ–æ—Ä–∏—è –º–Ω–æ–∂–µ—Å—Ç
                                                  –≤}
You may provide a definition with
\DeclareUnicodeCharacter 


! Package inputenc Error: Unicode character –≤ (U+0432)
(inputenc)                not set up for use with LaTeX.

See the inputenc package documentation for explanation.
Type  H <return>  for immediate help.
 ...                                              
                                                  
l.1 ...ù–∞–∏–≤–Ω–∞—è —Ç–µ–æ—Ä–∏—è –º–Ω–æ–∂–µ—Å—Ç–≤
                                                  }
You may provide a definition with
\DeclareUnicodeCharacter 


! LaTeX Error: Environment definition undefined.

See the LaTeX manual or LaTeX Companion for explanation.
Type  H <return>  for immediate help.
 ...                                              
                                                  
l.3 \begin{definition}
                      
Your command was ignored.
Type  I <command> <return>  to replace it with another command,
or  <return>  to continue without it.


! Package inputenc Error: Unicode character –ú (U+041C)
(inputenc)                not set up for use with LaTeX.

See the inputenc package documentation for explanation.
Type  H <return>  for immediate help.
 ...                                              
                                                  
l.4 	–ú
       –Ω–æ–∂–µ—Å—Ç–≤–æ - —ç—Ç–æ —Å–æ–≤–æ–∫—É–ø–Ω–æ—Å—Ç—å –Ω–µ–∫–æ—Ç–æ—Ä—ã—Ö...

You may provide a definition with
\DeclareUnicodeCharacter 


! Package inputenc Error: Unicode character –Ω (U+043D)
(inputenc)                not set up for use with LaTeX.

See the inputenc package documentation for explanation.
Type  H <return>  for immediate help.
 ...                                              
                                                  
l.4 	–ú–Ω
         –æ–∂–µ—Å—Ç–≤–æ - —ç—Ç–æ —Å–æ–≤–æ–∫—É–ø–Ω–æ—Å—Ç—å –Ω–µ–∫–æ—Ç–æ—Ä—ã—Ö...

You may provide a definition with
\DeclareUnicodeCharacter 


! Package inputenc Error: Unicode character –æ (U+043E)
(inputenc)                not set up for use with LaTeX.

See the inputenc package documentation for explanation.
Type  H <return>  for immediate help.
 ...                                              
                                                  
l.4 	–ú–Ω–æ
           –∂–µ—Å—Ç–≤–æ - —ç—Ç–æ —Å–æ–≤–æ–∫—É–ø–Ω–æ—Å—Ç—å –Ω–µ–∫–æ—Ç–æ—Ä—ã—Ö...

You may provide a definition with
\DeclareUnicodeCharacter 


! Package inputenc Error: Unicode character –∂ (U+0436)
(inputenc)                not set up for use with LaTeX.

See the inputenc package documentation for explanation.
Type  H <return>  for immediate help.
 ...                                              
                                                  
l.4 	–ú–Ω–æ–∂
             –µ—Å—Ç–≤–æ - —ç—Ç–æ —Å–æ–≤–æ–∫—É–ø–Ω–æ—Å—Ç—å –Ω–µ–∫–æ—Ç–æ—Ä—ã—Ö...

You may provide a definition with
\DeclareUnicodeCharacter 


! Package inputenc Error: Unicode character –µ (U+0435)
(inputenc)                not set up for use with LaTeX.

See the inputenc package documentation for explanation.
Type  H <return>  for immediate help.
 ...                                              
                                                  
l.4 	–ú–Ω–æ–∂–µ
               —Å—Ç–≤–æ - —ç—Ç–æ —Å–æ–≤–æ–∫—É–ø–Ω–æ—Å—Ç—å –Ω–µ–∫–æ—Ç–æ—Ä—ã—Ö...

You may provide a definition with
\DeclareUnicodeCharacter 


! Package inputenc Error: Unicode character —Å (U+0441)
(inputenc)                not set up for use with LaTeX.

See the inputenc package documentation for explanation.
Type  H <return>  for immediate help.
 ...                                              
                                                  
l.4 	–ú–Ω–æ–∂–µ—Å
                 —Ç–≤–æ - —ç—Ç–æ —Å–æ–≤–æ–∫—É–ø–Ω–æ—Å—Ç—å –Ω–µ–∫–æ—Ç–æ—Ä—ã—Ö...

You may provide a definition with
\DeclareUnicodeCharacter 


! Package inputenc Error: Unicode character —Ç (U+0442)
(inputenc)                not set up for use with LaTeX.

See the inputenc package documentation for explanation.
Type  H <return>  for immediate help.
 ...                                              
                                                  
l.4 	–ú–Ω–æ–∂–µ—Å—Ç
                   –≤–æ - —ç—Ç–æ —Å–æ–≤–æ–∫—É–ø–Ω–æ—Å—Ç—å –Ω–µ–∫–æ—Ç–æ—Ä—ã—Ö...

You may provide a definition with
\DeclareUnicodeCharacter 


! Package inputenc Error: Unicode character –≤ (U+0432)
(inputenc)                not set up for use with LaTeX.

See the inputenc package documentation for explanation.
Type  H <return>  for immediate help.
 ...                                              
                                                  
l.4 	–ú–Ω–æ–∂–µ—Å—Ç–≤
                     –æ - —ç—Ç–æ —Å–æ–≤–æ–∫—É–ø–Ω–æ—Å—Ç—å –Ω–µ–∫–æ—Ç–æ—Ä—ã—Ö...

You may provide a definition with
\DeclareUnicodeCharacter 


! Package inputenc Error: Unicode character –æ (U+043E)
(inputenc)                not set up for use with LaTeX.

See the inputenc package documentation for explanation.
Type  H <return>  for immediate help.
 ...                                              
                                                  
l.4 	–ú–Ω–æ–∂–µ—Å—Ç–≤–æ
                        - —ç—Ç–æ —Å–æ–≤–æ–∫—É–ø–Ω–æ—Å—Ç—å –Ω–µ–∫–æ—Ç–æ—Ä—ã—Ö...

You may provide a definition with
\DeclareUnicodeCharacter 


! LaTeX Error: Missing \begin{document}.

See the LaTeX manual or LaTeX Companion for explanation.
Type  H <return>  for immediate help.
 ...                                              
                                                  
l.4 	–ú–Ω–æ–∂–µ—Å—Ç–≤–æ -
                          —ç—Ç–æ —Å–æ–≤–æ–∫—É–ø–Ω–æ—Å—Ç—å –Ω–µ–∫–æ—Ç–æ—Ä—ã—Ö...

You're in trouble here.  Try typing  <return>  to proceed.
If that doesn't work, type  X <return>  to quit.

Missing character: There is no - in font nullfont!

! Package inputenc Error: Unicode character —ç (U+044D)
(inputenc)                not set up for use with LaTeX.

See the inputenc package documentation for explanation.
Type  H <return>  for immediate help.
 ...                                              
                                                  
l.4 	–ú–Ω–æ–∂–µ—Å—Ç–≤–æ - —ç
                            —Ç–æ —Å–æ–≤–æ–∫—É–ø–Ω–æ—Å—Ç—å –Ω–µ–∫–æ—Ç–æ—Ä—ã—Ö...

You may provide a definition with
\DeclareUnicodeCharacter 


! Package inputenc Error: Unicode character —Ç (U+0442)
(inputenc)                not set up for use with LaTeX.

See the inputenc package documentation for explanation.
Type  H <return>  for immediate help.
 ...                                              
                                                  
l.4 	–ú–Ω–æ–∂–µ—Å—Ç–≤–æ - —ç—Ç
                              –æ —Å–æ–≤–æ–∫—É–ø–Ω–æ—Å—Ç—å –Ω–µ–∫–æ—Ç–æ—Ä—ã—Ö...

You may provide a definition with
\DeclareUnicodeCharacter 


! Package inputenc Error: Unicode character –æ (U+043E)
(inputenc)                not set up for use with LaTeX.

See the inputenc package documentation for explanation.
Type  H <return>  for immediate help.
 ...                                              
                                                  
l.4 	–ú–Ω–æ–∂–µ—Å—Ç–≤–æ - —ç—Ç–æ
                                 —Å–æ–≤–æ–∫—É–ø–Ω–æ—Å—Ç—å –Ω–µ–∫–æ—Ç–æ—Ä—ã—Ö...

You may provide a definition with
\DeclareUnicodeCharacter 


! Package inputenc Error: Unicode character —Å (U+0441)
(inputenc)                not set up for use with LaTeX.

See the inputenc package documentation for explanation.
Type  H <return>  for immediate help.
 ...                                              
                                                  
l.4 	–ú–Ω–æ–∂–µ—Å—Ç–≤–æ - —ç—Ç–æ —Å
                                   –æ–≤–æ–∫—É–ø–Ω–æ—Å—Ç—å –Ω–µ–∫–æ—Ç–æ—Ä—ã—Ö...

You may provide a definition with
\DeclareUnicodeCharacter 


! Package inputenc Error: Unicode character –æ (U+043E)
(inputenc)                not set up for use with LaTeX.

See the inputenc package documentation for explanation.
Type  H <return>  for immediate help.
 ...                                              
                                                  
l.4 	–ú–Ω–æ–∂–µ—Å—Ç–≤–æ - —ç—Ç–æ —Å–æ
                                     –≤–æ–∫—É–ø–Ω–æ—Å—Ç—å –Ω–µ–∫–æ—Ç–æ—Ä—ã—Ö...

You may provide a definition with
\DeclareUnicodeCharacter 


! Package inputenc Error: Unicode character –≤ (U+0432)
(inputenc)                not set up for use with LaTeX.

See the inputenc package documentation for explanation.
Type  H <return>  for immediate help.
 ...                                              
                                                  
l.4 	–ú–Ω–æ–∂–µ—Å—Ç–≤–æ - —ç—Ç–æ —Å–æ–≤
                                       –æ–∫—É–ø–Ω–æ—Å—Ç—å –Ω–µ–∫–æ—Ç–æ—Ä—ã—Ö...

You may provide a definition with
\DeclareUnicodeCharacter 


! Package inputenc Error: Unicode character –æ (U+043E)
(inputenc)                not set up for use with LaTeX.

See the inputenc package documentation for explanation.
Type  H <return>  for immediate help.
 ...                                              
                                                  
l.4 	–ú–Ω–æ–∂–µ—Å—Ç–≤–æ - —ç—Ç–æ —Å–æ–≤–æ
                                         –∫—É–ø–Ω–æ—Å—Ç—å –Ω–µ–∫–æ—Ç–æ—Ä—ã—Ö...

You may provide a definition with
\DeclareUnicodeCharacter 


! Package inputenc Error: Unicode character –∫ (U+043A)
(inputenc)                not set up for use with LaTeX.

See the inputenc package documentation for explanation.
Type  H <return>  for immediate help.
 ...                                              
                                                  
l.4 	–ú–Ω–æ–∂–µ—Å—Ç–≤–æ - —ç—Ç–æ —Å–æ–≤–æ–∫
                                           —É–ø–Ω–æ—Å—Ç—å –Ω–µ–∫–æ—Ç–æ—Ä—ã—Ö...

You may provide a definition with
\DeclareUnicodeCharacter 


! Package inputenc Error: Unicode character —É (U+0443)
(inputenc)                not set up for use with LaTeX.

See the inputenc package documentation for explanation.
Type  H <return>  for immediate help.
 ...                                              
                                                  
l.4 	–ú–Ω–æ–∂–µ—Å—Ç–≤–æ - —ç—Ç–æ —Å–æ–≤–æ–∫—É
                                             –ø–Ω–æ—Å—Ç—å –Ω–µ–∫–æ—Ç–æ—Ä—ã—Ö...

You may provide a definition with
\DeclareUnicodeCharacter 


! Package inputenc Error: Unicode character –ø (U+043F)
(inputenc)                not set up for use with LaTeX.

See the inputenc package documentation for explanation.
Type  H <return>  for immediate help.
 ...                                              
                                                  
l.4 	–ú–Ω–æ–∂–µ—Å—Ç–≤–æ - —ç—Ç–æ —Å–æ–≤–æ–∫—É–ø
                                               –Ω–æ—Å—Ç—å –Ω–µ–∫–æ—Ç–æ—Ä—ã—Ö...

You may provide a definition with
\DeclareUnicodeCharacter 


! Package inputenc Error: Unicode character –Ω (U+043D)
(inputenc)                not set up for use with LaTeX.

See the inputenc package documentation for explanation.
Type  H <return>  for immediate help.
 ...                                              
                                                  
l.4 	–ú–Ω–æ–∂–µ—Å—Ç–≤–æ - —ç—Ç–æ —Å–æ–≤–æ–∫—É–ø–Ω
                                                 –æ—Å—Ç—å –Ω–µ–∫–æ—Ç–æ—Ä—ã—Ö...

You may provide a definition with
\DeclareUnicodeCharacter 


! Package inputenc Error: Unicode character –æ (U+043E)
(inputenc)                not set up for use with LaTeX.

See the inputenc package documentation for explanation.
Type  H <return>  for immediate help.
 ...                                              
                                                  
l.4 ...Ω–æ–∂–µ—Å—Ç–≤–æ - —ç—Ç–æ —Å–æ–≤–æ–∫—É–ø–Ω–æ
                                                  —Å—Ç—å –Ω–µ–∫–æ—Ç–æ—Ä—ã—Ö ...

You may provide a definition with
\DeclareUnicodeCharacter 


! Package inputenc Error: Unicode character —Å (U+0441)
(inputenc)                not set up for use with LaTeX.

See the inputenc package documentation for explanation.
Type  H <return>  for immediate help.
 ...                                              
                                                  
l.4 ...æ–∂–µ—Å—Ç–≤–æ - —ç—Ç–æ —Å–æ–≤–æ–∫—É–ø–Ω–æ—Å
                                                  —Ç—å –Ω–µ–∫–æ—Ç–æ—Ä—ã—Ö –æ...

You may provide a definition with
\DeclareUnicodeCharacter 


! Package inputenc Error: Unicode character —Ç (U+0442)
(inputenc)                not set up for use with LaTeX.

See the inputenc package documentation for explanation.
Type  H <return>  for immediate help.
 ...                                              
                                                  
l.4 ...∂–µ—Å—Ç–≤–æ - —ç—Ç–æ —Å–æ–≤–æ–∫—É–ø–Ω–æ—Å—Ç
                                                  —å –Ω–µ–∫–æ—Ç–æ—Ä—ã—Ö –æ–±...

You may provide a definition with
\DeclareUnicodeCharacter 


! Package inputenc Error: Unicode character —å (U+044C)
(inputenc)                not set up for use with LaTeX.

See the inputenc package documentation for explanation.
Type  H <return>  for immediate help.
 ...                                              
                                                  
l.4 ...µ—Å—Ç–≤–æ - —ç—Ç–æ —Å–æ–≤–æ–∫—É–ø–Ω–æ—Å—Ç—å
                                                   –Ω–µ–∫–æ—Ç–æ—Ä—ã—Ö –æ–±—ä...

You may provide a definition with
\DeclareUnicodeCharacter 


! Package inputenc Error: Unicode character –Ω (U+043D)
(inputenc)                not set up for use with LaTeX.

See the inputenc package documentation for explanation.
Type  H <return>  for immediate help.
 ...                                              
                                                  
l.4 ...—Ç–≤–æ - —ç—Ç–æ —Å–æ–≤–æ–∫—É–ø–Ω–æ—Å—Ç—å –Ω
                                                  –µ–∫–æ—Ç–æ—Ä—ã—Ö –æ–±—ä–µ–...

You may provide a definition with
\DeclareUnicodeCharacter 


! Package inputenc Error: Unicode character –µ (U+0435)
(inputenc)                not set up for use with LaTeX.

See the inputenc package documentation for explanation.
Type  H <return>  for immediate help.
 ...                                              
                                                  
l.4 ...–≤–æ - —ç—Ç–æ —Å–æ–≤–æ–∫—É–ø–Ω–æ—Å—Ç—å –Ω–µ
                                                  –∫–æ—Ç–æ—Ä—ã—Ö –æ–±—ä–µ–∫—...

You may provide a definition with
\DeclareUnicodeCharacter 


! Package inputenc Error: Unicode character –∫ (U+043A)
(inputenc)                not set up for use with LaTeX.

See the inputenc package documentation for explanation.
Type  H <return>  for immediate help.
 ...                                              
                                                  
l.4 ...–æ - —ç—Ç–æ —Å–æ–≤–æ–∫—É–ø–Ω–æ—Å—Ç—å –Ω–µ–∫
                                                  –æ—Ç–æ—Ä—ã—Ö –æ–±—ä–µ–∫—Ç–...

You may provide a definition with
\DeclareUnicodeCharacter 


! Package inputenc Error: Unicode character –æ (U+043E)
(inputenc)                not set up for use with LaTeX.

See the inputenc package documentation for explanation.
Type  H <return>  for immediate help.
 ...                                              
                                                  
l.4 ... - —ç—Ç–æ —Å–æ–≤–æ–∫—É–ø–Ω–æ—Å—Ç—å –Ω–µ–∫–æ
                                                  —Ç–æ—Ä—ã—Ö –æ–±—ä–µ–∫—Ç–æ–...

You may provide a definition with
\DeclareUnicodeCharacter 


! Package inputenc Error: Unicode character —Ç (U+0442)
(inputenc)                not set up for use with LaTeX.

See the inputenc package documentation for explanation.
Type  H <return>  for immediate help.
 ...                                              
                                                  
l.4 ... —ç—Ç–æ —Å–æ–≤–æ–∫—É–ø–Ω–æ—Å—Ç—å –Ω–µ–∫–æ—Ç
                                                  –æ—Ä—ã—Ö –æ–±—ä–µ–∫—Ç–æ–≤....

You may provide a definition with
\DeclareUnicodeCharacter 


! Package inputenc Error: Unicode character –æ (U+043E)
(inputenc)                not set up for use with LaTeX.

See the inputenc package documentation for explanation.
Type  H <return>  for immediate help.
 ...                                              
                                                  
l.4 ...ç—Ç–æ —Å–æ–≤–æ–∫—É–ø–Ω–æ—Å—Ç—å –Ω–µ–∫–æ—Ç–æ
                                                  —Ä—ã—Ö –æ–±—ä–µ–∫—Ç–æ–≤. –...

You may provide a definition with
\DeclareUnicodeCharacter 


! Package inputenc Error: Unicode character —Ä (U+0440)
(inputenc)                not set up for use with LaTeX.

See the inputenc package documentation for explanation.
Type  H <return>  for immediate help.
 ...                                              
                                                  
l.4 ...Ç–æ —Å–æ–≤–æ–∫—É–ø–Ω–æ—Å—Ç—å –Ω–µ–∫–æ—Ç–æ—Ä
                                                  —ã—Ö –æ–±—ä–µ–∫—Ç–æ–≤. –ö–...

You may provide a definition with
\DeclareUnicodeCharacter 


! Package inputenc Error: Unicode character —ã (U+044B)
(inputenc)                not set up for use with LaTeX.

See the inputenc package documentation for explanation.
Type  H <return>  for immediate help.
 ...                                              
                                                  
l.4 ...æ —Å–æ–≤–æ–∫—É–ø–Ω–æ—Å—Ç—å –Ω–µ–∫–æ—Ç–æ—Ä—ã
                                                  —Ö –æ–±—ä–µ–∫—Ç–æ–≤. –ö–∞–...

You may provide a definition with
\DeclareUnicodeCharacter 


! Package inputenc Error: Unicode character —Ö (U+0445)
(inputenc)                not set up for use with LaTeX.

See the inputenc package documentation for explanation.
Type  H <return>  for immediate help.
 ...                                              
                                                  
l.4 ...—Å–æ–≤–æ–∫—É–ø–Ω–æ—Å—Ç—å –Ω–µ–∫–æ—Ç–æ—Ä—ã—Ö
                                                   –æ–±—ä–µ–∫—Ç–æ–≤. –ö–∞–∂–...

You may provide a definition with
\DeclareUnicodeCharacter 


! Package inputenc Error: Unicode character –æ (U+043E)
(inputenc)                not set up for use with LaTeX.

See the inputenc package documentation for explanation.
Type  H <return>  for immediate help.
 ...                                              
                                                  
l.4 ...æ–≤–æ–∫—É–ø–Ω–æ—Å—Ç—å –Ω–µ–∫–æ—Ç–æ—Ä—ã—Ö –æ
                                                  –±—ä–µ–∫—Ç–æ–≤. –ö–∞–∂–¥—ã...

You may provide a definition with
\DeclareUnicodeCharacter 


! Package inputenc Error: Unicode character –± (U+0431)
(inputenc)                not set up for use with LaTeX.

See the inputenc package documentation for explanation.
Type  H <return>  for immediate help.
 ...                                              
                                                  
l.4 ...≤–æ–∫—É–ø–Ω–æ—Å—Ç—å –Ω–µ–∫–æ—Ç–æ—Ä—ã—Ö –æ–±
                                                  —ä–µ–∫—Ç–æ–≤. –ö–∞–∂–¥—ã–π...

You may provide a definition with
\DeclareUnicodeCharacter 


! Package inputenc Error: Unicode character —ä (U+044A)
(inputenc)                not set up for use with LaTeX.

See the inputenc package documentation for explanation.
Type  H <return>  for immediate help.
 ...                                              
                                                  
l.4 ...æ–∫—É–ø–Ω–æ—Å—Ç—å –Ω–µ–∫–æ—Ç–æ—Ä—ã—Ö –æ–±—ä
                                                  –µ–∫—Ç–æ–≤. –ö–∞–∂–¥—ã–π –...

You may provide a definition with
\DeclareUnicodeCharacter 


! Package inputenc Error: Unicode character –µ (U+0435)
(inputenc)                not set up for use with LaTeX.

See the inputenc package documentation for explanation.
Type  H <return>  for immediate help.
 ...                                              
                                                  
l.4 ...∫—É–ø–Ω–æ—Å—Ç—å –Ω–µ–∫–æ—Ç–æ—Ä—ã—Ö –æ–±—ä–µ
                                                  –∫—Ç–æ–≤. –ö–∞–∂–¥—ã–π –æ–...

You may provide a definition with
\DeclareUnicodeCharacter 


! Package inputenc Error: Unicode character –∫ (U+043A)
(inputenc)                not set up for use with LaTeX.

See the inputenc package documentation for explanation.
Type  H <return>  for immediate help.
 ...                                              
                                                  
l.4 ...É–ø–Ω–æ—Å—Ç—å –Ω–µ–∫–æ—Ç–æ—Ä—ã—Ö –æ–±—ä–µ–∫
                                                  —Ç–æ–≤. –ö–∞–∂–¥—ã–π –æ–±—...

You may provide a definition with
\DeclareUnicodeCharacter 


! Package inputenc Error: Unicode character —Ç (U+0442)
(inputenc)                not set up for use with LaTeX.

See the inputenc package documentation for explanation.
Type  H <return>  for immediate help.
 ...                                              
                                                  
l.4 ...ø–Ω–æ—Å—Ç—å –Ω–µ–∫–æ—Ç–æ—Ä—ã—Ö –æ–±—ä–µ–∫—Ç
                                                  –æ–≤. –ö–∞–∂–¥—ã–π –æ–±—ä–...

You may provide a definition with
\DeclareUnicodeCharacter 


! Package inputenc Error: Unicode character –æ (U+043E)
(inputenc)                not set up for use with LaTeX.

See the inputenc package documentation for explanation.
Type  H <return>  for immediate help.
 ...                                              
                                                  
l.4 ...Ω–æ—Å—Ç—å –Ω–µ–∫–æ—Ç–æ—Ä—ã—Ö –æ–±—ä–µ–∫—Ç–æ
                                                  –≤. –ö–∞–∂–¥—ã–π –æ–±—ä–µ–...

You may provide a definition with
\DeclareUnicodeCharacter 


! Package inputenc Error: Unicode character –≤ (U+0432)
(inputenc)                not set up for use with LaTeX.

See the inputenc package documentation for explanation.
Type  H <return>  for immediate help.
 ...                                              
                                                  
l.4 ...æ—Å—Ç—å –Ω–µ–∫–æ—Ç–æ—Ä—ã—Ö –æ–±—ä–µ–∫—Ç–æ–≤
                                                  . –ö–∞–∂–¥—ã–π –æ–±—ä–µ–∫—...

You may provide a definition with
\DeclareUnicodeCharacter 

Missing character: There is no . in font nullfont!

! Package inputenc Error: Unicode character –ö (U+041A)
(inputenc)                not set up for use with LaTeX.

See the inputenc package documentation for explanation.
Type  H <return>  for immediate help.
 ...                                              
                                                  
l.4 ...Ç—å –Ω–µ–∫–æ—Ç–æ—Ä—ã—Ö –æ–±—ä–µ–∫—Ç–æ–≤. –ö
                                                  –∞–∂–¥—ã–π –æ–±—ä–µ–∫—Ç –≤...

You may provide a definition with
\DeclareUnicodeCharacter 


! Package inputenc Error: Unicode character –∞ (U+0430)
(inputenc)                not set up for use with LaTeX.

See the inputenc package documentation for explanation.
Type  H <return>  for immediate help.
 ...                                              
                                                  
l.4 ...å –Ω–µ–∫–æ—Ç–æ—Ä—ã—Ö –æ–±—ä–µ–∫—Ç–æ–≤. –ö–∞
                                                  –∂–¥—ã–π –æ–±—ä–µ–∫—Ç –≤—Ö...

You may provide a definition with
\DeclareUnicodeCharacter 


! Package inputenc Error: Unicode character –∂ (U+0436)
(inputenc)                not set up for use with LaTeX.

See the inputenc package documentation for explanation.
Type  H <return>  for immediate help.
 ...                                              
                                                  
l.4 ...–Ω–µ–∫–æ—Ç–æ—Ä—ã—Ö –æ–±—ä–µ–∫—Ç–æ–≤. –ö–∞–∂
                                                  –¥—ã–π –æ–±—ä–µ–∫—Ç –≤—Ö–æ...

You may provide a definition with
\DeclareUnicodeCharacter 


! Package inputenc Error: Unicode character –¥ (U+0434)
(inputenc)                not set up for use with LaTeX.

See the inputenc package documentation for explanation.
Type  H <return>  for immediate help.
 ...                                              
                                                  
l.4 ...–µ–∫–æ—Ç–æ—Ä—ã—Ö –æ–±—ä–µ–∫—Ç–æ–≤. –ö–∞–∂–¥
                                                  —ã–π –æ–±—ä–µ–∫—Ç –≤—Ö–æ–¥...

You may provide a definition with
\DeclareUnicodeCharacter 


! Package inputenc Error: Unicode character —ã (U+044B)
(inputenc)                not set up for use with LaTeX.

See the inputenc package documentation for explanation.
Type  H <return>  for immediate help.
 ...                                              
                                                  
l.4 ...–∫–æ—Ç–æ—Ä—ã—Ö –æ–±—ä–µ–∫—Ç–æ–≤. –ö–∞–∂–¥—ã
                                                  –π –æ–±—ä–µ–∫—Ç –≤—Ö–æ–¥–∏...

You may provide a definition with
\DeclareUnicodeCharacter 


! Package inputenc Error: Unicode character –π (U+0439)
(inputenc)                not set up for use with LaTeX.

See the inputenc package documentation for explanation.
Type  H <return>  for immediate help.
 ...                                              
                                                  
l.4 ...–æ—Ç–æ—Ä—ã—Ö –æ–±—ä–µ–∫—Ç–æ–≤. –ö–∞–∂–¥—ã–π
                                                   –æ–±—ä–µ–∫—Ç –≤—Ö–æ–¥–∏—Ç...

You may provide a definition with
\DeclareUnicodeCharacter 


! Package inputenc Error: Unicode character –æ (U+043E)
(inputenc)                not set up for use with LaTeX.

See the inputenc package documentation for explanation.
Type  H <return>  for immediate help.
 ...                                              
                                                  
l.4 ...Ç–æ—Ä—ã—Ö –æ–±—ä–µ–∫—Ç–æ–≤. –ö–∞–∂–¥—ã–π –æ
                                                  –±—ä–µ–∫—Ç –≤—Ö–æ–¥–∏—Ç –≤...

You may provide a definition with
\DeclareUnicodeCharacter 


! Package inputenc Error: Unicode character –± (U+0431)
(inputenc)                not set up for use with LaTeX.

See the inputenc package documentation for explanation.
Type  H <return>  for immediate help.
 ...                                              
                                                  
l.4 ...æ—Ä—ã—Ö –æ–±—ä–µ–∫—Ç–æ–≤. –ö–∞–∂–¥—ã–π –æ–±
                                                  —ä–µ–∫—Ç –≤—Ö–æ–¥–∏—Ç –≤ –...

You may provide a definition with
\DeclareUnicodeCharacter 


! Package inputenc Error: Unicode character —ä (U+044A)
(inputenc)                not set up for use with LaTeX.

See the inputenc package documentation for explanation.
Type  H <return>  for immediate help.
 ...                                              
                                                  
l.4 ...Ä—ã—Ö –æ–±—ä–µ–∫—Ç–æ–≤. –ö–∞–∂–¥—ã–π –æ–±—ä
                                                  –µ–∫—Ç –≤—Ö–æ–¥–∏—Ç –≤ –º–...

You may provide a definition with
\DeclareUnicodeCharacter 


! Package inputenc Error: Unicode character –µ (U+0435)
(inputenc)                not set up for use with LaTeX.

See the inputenc package documentation for explanation.
Type  H <return>  for immediate help.
 ...                                              
                                                  
l.4 ...ã—Ö –æ–±—ä–µ–∫—Ç–æ–≤. –ö–∞–∂–¥—ã–π –æ–±—ä–µ
                                                  –∫—Ç –≤—Ö–æ–¥–∏—Ç –≤ –º–Ω–...

You may provide a definition with
\DeclareUnicodeCharacter 


! Package inputenc Error: Unicode character –∫ (U+043A)
(inputenc)                not set up for use with LaTeX.

See the inputenc package documentation for explanation.
Type  H <return>  for immediate help.
 ...                                              
                                                  
l.4 ...Ö –æ–±—ä–µ–∫—Ç–æ–≤. –ö–∞–∂–¥—ã–π –æ–±—ä–µ–∫
                                                  —Ç –≤—Ö–æ–¥–∏—Ç –≤ –º–Ω–æ–...

You may provide a definition with
\DeclareUnicodeCharacter 


! Package inputenc Error: Unicode character —Ç (U+0442)
(inputenc)                not set up for use with LaTeX.

See the inputenc package documentation for explanation.
Type  H <return>  for immediate help.
 ...                                              
                                                  
l.4 ...–æ–±—ä–µ–∫—Ç–æ–≤. –ö–∞–∂–¥—ã–π –æ–±—ä–µ–∫—Ç
                                                   –≤—Ö–æ–¥–∏—Ç –≤ –º–Ω–æ–∂–...

You may provide a definition with
\DeclareUnicodeCharacter 


! Package inputenc Error: Unicode character –≤ (U+0432)
(inputenc)                not set up for use with LaTeX.

See the inputenc package documentation for explanation.
Type  H <return>  for immediate help.
 ...                                              
                                                  
l.4 ...±—ä–µ–∫—Ç–æ–≤. –ö–∞–∂–¥—ã–π –æ–±—ä–µ–∫—Ç –≤
                                                  —Ö–æ–¥–∏—Ç –≤ –º–Ω–æ–∂–µ—Å...

You may provide a definition with
\DeclareUnicodeCharacter 


! Package inputenc Error: Unicode character —Ö (U+0445)
(inputenc)                not set up for use with LaTeX.

See the inputenc package documentation for explanation.
Type  H <return>  for immediate help.
 ...                                              
                                                  
l.4 ...ä–µ–∫—Ç–æ–≤. –ö–∞–∂–¥—ã–π –æ–±—ä–µ–∫—Ç –≤—Ö
                                                  –æ–¥–∏—Ç –≤ –º–Ω–æ–∂–µ—Å—Ç...

You may provide a definition with
\DeclareUnicodeCharacter 


! Package inputenc Error: Unicode character –æ (U+043E)
(inputenc)                not set up for use with LaTeX.

See the inputenc package documentation for explanation.
Type  H <return>  for immediate help.
 ...                                              
                                                  
l.4 ...µ–∫—Ç–æ–≤. –ö–∞–∂–¥—ã–π –æ–±—ä–µ–∫—Ç –≤—Ö–æ
                                                  –¥–∏—Ç –≤ –º–Ω–æ–∂–µ—Å—Ç–≤...

You may provide a definition with
\DeclareUnicodeCharacter 


! Package inputenc Error: Unicode character –¥ (U+0434)
(inputenc)                not set up for use with LaTeX.

See the inputenc package documentation for explanation.
Type  H <return>  for immediate help.
 ...                                              
                                                  
l.4 ...∫—Ç–æ–≤. –ö–∞–∂–¥—ã–π –æ–±—ä–µ–∫—Ç –≤—Ö–æ–¥
                                                  –∏—Ç –≤ –º–Ω–æ–∂–µ—Å—Ç–≤–æ...

You may provide a definition with
\DeclareUnicodeCharacter 


! Package inputenc Error: Unicode character –∏ (U+0438)
(inputenc)                not set up for use with LaTeX.

See the inputenc package documentation for explanation.
Type  H <return>  for immediate help.
 ...                                              
                                                  
l.4 ...Ç–æ–≤. –ö–∞–∂–¥—ã–π –æ–±—ä–µ–∫—Ç –≤—Ö–æ–¥–∏
                                                  —Ç –≤ –º–Ω–æ–∂–µ—Å—Ç–≤–æ –...

You may provide a definition with
\DeclareUnicodeCharacter 


! Package inputenc Error: Unicode character —Ç (U+0442)
(inputenc)                not set up for use with LaTeX.

See the inputenc package documentation for explanation.
Type  H <return>  for immediate help.
 ...                                              
                                                  
l.4 ...æ–≤. –ö–∞–∂–¥—ã–π –æ–±—ä–µ–∫—Ç –≤—Ö–æ–¥–∏—Ç
                                                   –≤ –º–Ω–æ–∂–µ—Å—Ç–≤–æ –Ω–...

You may provide a definition with
\DeclareUnicodeCharacter 


! Package inputenc Error: Unicode character –≤ (U+0432)
(inputenc)                not set up for use with LaTeX.

See the inputenc package documentation for explanation.
Type  H <return>  for immediate help.
 ...                                              
                                                  
l.4 .... –ö–∞–∂–¥—ã–π –æ–±—ä–µ–∫—Ç –≤—Ö–æ–¥–∏—Ç –≤
                                                   –º–Ω–æ–∂–µ—Å—Ç–≤–æ –Ω–µ –...

You may provide a definition with
\DeclareUnicodeCharacter 


! Package inputenc Error: Unicode character –º (U+043C)
(inputenc)                not set up for use with LaTeX.

See the inputenc package documentation for explanation.
Type  H <return>  for immediate help.
 ...                                              
                                                  
l.4 ...ö–∞–∂–¥—ã–π –æ–±—ä–µ–∫—Ç –≤—Ö–æ–¥–∏—Ç –≤ –º
                                                  –Ω–æ–∂–µ—Å—Ç–≤–æ –Ω–µ –±–æ...

You may provide a definition with
\DeclareUnicodeCharacter 


! Package inputenc Error: Unicode character –Ω (U+043D)
(inputenc)                not set up for use with LaTeX.

See the inputenc package documentation for explanation.
Type  H <return>  for immediate help.
 ...                                              
                                                  
l.4 ...∞–∂–¥—ã–π –æ–±—ä–µ–∫—Ç –≤—Ö–æ–¥–∏—Ç –≤ –º–Ω
                                                  –æ–∂–µ—Å—Ç–≤–æ –Ω–µ –±–æ–ª...

You may provide a definition with
\DeclareUnicodeCharacter 


! Package inputenc Error: Unicode character –æ (U+043E)
(inputenc)                not set up for use with LaTeX.

See the inputenc package documentation for explanation.
Type  H <return>  for immediate help.
 ...                                              
                                                  
l.4 ...∂–¥—ã–π –æ–±—ä–µ–∫—Ç –≤—Ö–æ–¥–∏—Ç –≤ –º–Ω–æ
                                                  –∂–µ—Å—Ç–≤–æ –Ω–µ –±–æ–ª–µ...

You may provide a definition with
\DeclareUnicodeCharacter 


! Package inputenc Error: Unicode character –∂ (U+0436)
(inputenc)                not set up for use with LaTeX.

See the inputenc package documentation for explanation.
Type  H <return>  for immediate help.
 ...                                              
                                                  
l.4 ...¥—ã–π –æ–±—ä–µ–∫—Ç –≤—Ö–æ–¥–∏—Ç –≤ –º–Ω–æ–∂
                                                  –µ—Å—Ç–≤–æ –Ω–µ –±–æ–ª–µ–µ...

You may provide a definition with
\DeclareUnicodeCharacter 


! Package inputenc Error: Unicode character –µ (U+0435)
(inputenc)                not set up for use with LaTeX.

See the inputenc package documentation for explanation.
Type  H <return>  for immediate help.
 ...                                              
                                                  
l.4 ...ã–π –æ–±—ä–µ–∫—Ç –≤—Ö–æ–¥–∏—Ç –≤ –º–Ω–æ–∂–µ
                                                  —Å—Ç–≤–æ –Ω–µ –±–æ–ª–µ–µ 1...

You may provide a definition with
\DeclareUnicodeCharacter 


! Package inputenc Error: Unicode character —Å (U+0441)
(inputenc)                not set up for use with LaTeX.

See the inputenc package documentation for explanation.
Type  H <return>  for immediate help.
 ...                                              
                                                  
l.4 ...π –æ–±—ä–µ–∫—Ç –≤—Ö–æ–¥–∏—Ç –≤ –º–Ω–æ–∂–µ—Å
                                                  —Ç–≤–æ –Ω–µ –±–æ–ª–µ–µ 1 —...

You may provide a definition with
\DeclareUnicodeCharacter 


! Package inputenc Error: Unicode character —Ç (U+0442)
(inputenc)                not set up for use with LaTeX.

See the inputenc package documentation for explanation.
Type  H <return>  for immediate help.
 ...                                              
                                                  
l.4 ...–æ–±—ä–µ–∫—Ç –≤—Ö–æ–¥–∏—Ç –≤ –º–Ω–æ–∂–µ—Å—Ç
                                                  –≤–æ –Ω–µ –±–æ–ª–µ–µ 1 —Ä–...

You may provide a definition with
\DeclareUnicodeCharacter 


! Package inputenc Error: Unicode character –≤ (U+0432)
(inputenc)                not set up for use with LaTeX.

See the inputenc package documentation for explanation.
Type  H <return>  for immediate help.
 ...                                              
                                                  
l.4 ...–±—ä–µ–∫—Ç –≤—Ö–æ–¥–∏—Ç –≤ –º–Ω–æ–∂–µ—Å—Ç–≤
                                                  –æ –Ω–µ –±–æ–ª–µ–µ 1 —Ä–∞–...

You may provide a definition with
\DeclareUnicodeCharacter 


! Package inputenc Error: Unicode character –æ (U+043E)
(inputenc)                not set up for use with LaTeX.

See the inputenc package documentation for explanation.
Type  H <return>  for immediate help.
 ...                                              
                                                  
l.4 ...—ä–µ–∫—Ç –≤—Ö–æ–¥–∏—Ç –≤ –º–Ω–æ–∂–µ—Å—Ç–≤–æ
                                                   –Ω–µ –±–æ–ª–µ–µ 1 —Ä–∞–∑–...

You may provide a definition with
\DeclareUnicodeCharacter 


! Package inputenc Error: Unicode character –Ω (U+043D)
(inputenc)                not set up for use with LaTeX.

See the inputenc package documentation for explanation.
Type  H <return>  for immediate help.
 ...                                              
                                                  
l.4 ...µ–∫—Ç –≤—Ö–æ–¥–∏—Ç –≤ –º–Ω–æ–∂–µ—Å—Ç–≤–æ –Ω
                                                  –µ –±–æ–ª–µ–µ 1 —Ä–∞–∑–∞, ...

You may provide a definition with
\DeclareUnicodeCharacter 


! Package inputenc Error: Unicode character –µ (U+0435)
(inputenc)                not set up for use with LaTeX.

See the inputenc package documentation for explanation.
Type  H <return>  for immediate help.
 ...                                              
                                                  
l.4 ...∫—Ç –≤—Ö–æ–¥–∏—Ç –≤ –º–Ω–æ–∂–µ—Å—Ç–≤–æ –Ω–µ
                                                   –±–æ–ª–µ–µ 1 —Ä–∞–∑–∞, –∏...

You may provide a definition with
\DeclareUnicodeCharacter 


! Package inputenc Error: Unicode character –± (U+0431)
(inputenc)                not set up for use with LaTeX.

See the inputenc package documentation for explanation.
Type  H <return>  for immediate help.
 ...                                              
                                                  
l.4 ... –≤—Ö–æ–¥–∏—Ç –≤ –º–Ω–æ–∂–µ—Å—Ç–≤–æ –Ω–µ –±
                                                  –æ–ª–µ–µ 1 —Ä–∞–∑–∞, –∏–Ω–...

You may provide a definition with
\DeclareUnicodeCharacter 


! Package inputenc Error: Unicode character –æ (U+043E)
(inputenc)                not set up for use with LaTeX.

See the inputenc package documentation for explanation.
Type  H <return>  for immediate help.
 ...                                              
                                                  
l.4 ...≤—Ö–æ–¥–∏—Ç –≤ –º–Ω–æ–∂–µ—Å—Ç–≤–æ –Ω–µ –±–æ
                                                  –ª–µ–µ 1 —Ä–∞–∑–∞, –∏–Ω–∞—...

You may provide a definition with
\DeclareUnicodeCharacter 


! Package inputenc Error: Unicode character –ª (U+043B)
(inputenc)                not set up for use with LaTeX.

See the inputenc package documentation for explanation.
Type  H <return>  for immediate help.
 ...                                              
                                                  
l.4 ...Ö–æ–¥–∏—Ç –≤ –º–Ω–æ–∂–µ—Å—Ç–≤–æ –Ω–µ –±–æ–ª
                                                  –µ–µ 1 —Ä–∞–∑–∞, –∏–Ω–∞—á–...

You may provide a definition with
\DeclareUnicodeCharacter 


! Package inputenc Error: Unicode character –µ (U+0435)
(inputenc)                not set up for use with LaTeX.

See the inputenc package documentation for explanation.
Type  H <return>  for immediate help.
 ...                                              
                                                  
l.4 ...æ–¥–∏—Ç –≤ –º–Ω–æ–∂–µ—Å—Ç–≤–æ –Ω–µ –±–æ–ª–µ
                                                  –µ 1 —Ä–∞–∑–∞, –∏–Ω–∞—á–µ ...

You may provide a definition with
\DeclareUnicodeCharacter 


! Package inputenc Error: Unicode character –µ (U+0435)
(inputenc)                not set up for use with LaTeX.

See the inputenc package documentation for explanation.
Type  H <return>  for immediate help.
 ...                                              
                                                  
l.4 ...¥–∏—Ç –≤ –º–Ω–æ–∂–µ—Å—Ç–≤–æ –Ω–µ –±–æ–ª–µ–µ
                                                   1 —Ä–∞–∑–∞, –∏–Ω–∞—á–µ - ...
(That makes 100 errors; please try again.) 
Here is how much of TeX's memory you used:
 44 strings out of 483140
 732 string characters out of 5965151
 231752 words of memory out of 5000000
 15167 multiletter control sequences out of 15000+600000
 532338 words of font info for 24 fonts, out of 8000000 for 9000
 36 hyphenation exceptions out of 8191
 12i,0n,15p,252b,41s stack positions out of 5000i,500n,10000p,200000b,80000s

!  ==> Fatal error occurred, no output PDF file produced!
