This is pdfTeX, Version 3.14159265-2.6-1.40.20 (TeX Live 2019/Debian) (preloaded format=pdflatex 2021.11.5)  5 NOV 2021 20:37
entering extended mode
 restricted \write18 enabled.
 %&-line parsing enabled.
**5lecture.tex
(./5lecture.tex
LaTeX2e <2020-02-02> patch level 2
L3 programming layer <2020-02-14>
! Undefined control sequence.
l.1 \section
            {5-—è –ª–µ–∫—Ü–∏—è}
The control sequence at the end of the top line
of your error message was never \def'ed. If you have
misspelled it (e.g., `\hobx'), type `I' and the correct
spelling (e.g., `I\hbox'). Otherwise just continue,
and I'll forget about whatever was undefined.


! LaTeX Error: Missing \begin{document}.

See the LaTeX manual or LaTeX Companion for explanation.
Type  H <return>  for immediate help.
 ...                                              
                                                  
l.1 \section{5
              -—è –ª–µ–∫—Ü–∏—è}
You're in trouble here.  Try typing  <return>  to proceed.
If that doesn't work, type  X <return>  to quit.

Missing character: There is no 5 in font nullfont!
Missing character: There is no - in font nullfont!

! Package inputenc Error: Unicode character —è (U+044F)
(inputenc)                not set up for use with LaTeX.

See the inputenc package documentation for explanation.
Type  H <return>  for immediate help.
 ...                                              
                                                  
l.1 \section{5-—è
                  –ª–µ–∫—Ü–∏—è}
You may provide a definition with
\DeclareUnicodeCharacter 


! Package inputenc Error: Unicode character –ª (U+043B)
(inputenc)                not set up for use with LaTeX.

See the inputenc package documentation for explanation.
Type  H <return>  for immediate help.
 ...                                              
                                                  
l.1 \section{5-—è –ª
                    –µ–∫—Ü–∏—è}
You may provide a definition with
\DeclareUnicodeCharacter 


! Package inputenc Error: Unicode character –µ (U+0435)
(inputenc)                not set up for use with LaTeX.

See the inputenc package documentation for explanation.
Type  H <return>  for immediate help.
 ...                                              
                                                  
l.1 \section{5-—è –ª–µ
                      –∫—Ü–∏—è}
You may provide a definition with
\DeclareUnicodeCharacter 


! Package inputenc Error: Unicode character –∫ (U+043A)
(inputenc)                not set up for use with LaTeX.

See the inputenc package documentation for explanation.
Type  H <return>  for immediate help.
 ...                                              
                                                  
l.1 \section{5-—è –ª–µ–∫
                        —Ü–∏—è}
You may provide a definition with
\DeclareUnicodeCharacter 


! Package inputenc Error: Unicode character —Ü (U+0446)
(inputenc)                not set up for use with LaTeX.

See the inputenc package documentation for explanation.
Type  H <return>  for immediate help.
 ...                                              
                                                  
l.1 \section{5-—è –ª–µ–∫—Ü
                          –∏—è}
You may provide a definition with
\DeclareUnicodeCharacter 


! Package inputenc Error: Unicode character –∏ (U+0438)
(inputenc)                not set up for use with LaTeX.

See the inputenc package documentation for explanation.
Type  H <return>  for immediate help.
 ...                                              
                                                  
l.1 \section{5-—è –ª–µ–∫—Ü–∏
                            —è}
You may provide a definition with
\DeclareUnicodeCharacter 


! Package inputenc Error: Unicode character —è (U+044F)
(inputenc)                not set up for use with LaTeX.

See the inputenc package documentation for explanation.
Type  H <return>  for immediate help.
 ...                                              
                                                  
l.1 \section{5-—è –ª–µ–∫—Ü–∏—è
                              }
You may provide a definition with
\DeclareUnicodeCharacter 


Overfull \hbox (20.0pt too wide) in paragraph at lines 1--2
[]
 []

! Undefined control sequence.
l.3 \subsection
               {Runtime Error (RE)}
The control sequence at the end of the top line
of your error message was never \def'ed. If you have
misspelled it (e.g., `\hobx'), type `I' and the correct
spelling (e.g., `I\hbox'). Otherwise just continue,
and I'll forget about whatever was undefined.


! LaTeX Error: Missing \begin{document}.

See the LaTeX manual or LaTeX Companion for explanation.
Type  H <return>  for immediate help.
 ...                                              
                                                  
l.3 \subsection{R
                 untime Error (RE)}
You're in trouble here.  Try typing  <return>  to proceed.
If that doesn't work, type  X <return>  to quit.

Missing character: There is no R in font nullfont!
Missing character: There is no u in font nullfont!
Missing character: There is no n in font nullfont!
Missing character: There is no t in font nullfont!
Missing character: There is no i in font nullfont!
Missing character: There is no m in font nullfont!
Missing character: There is no e in font nullfont!
Missing character: There is no E in font nullfont!
Missing character: There is no r in font nullfont!
Missing character: There is no r in font nullfont!
Missing character: There is no o in font nullfont!
Missing character: There is no r in font nullfont!
Missing character: There is no ( in font nullfont!
Missing character: There is no R in font nullfont!
Missing character: There is no E in font nullfont!
Missing character: There is no ) in font nullfont!

Overfull \hbox (20.0pt too wide) in paragraph at lines 3--4
[]
 []


! LaTeX Error: Environment Verbatim undefined.

See the LaTeX manual or LaTeX Companion for explanation.
Type  H <return>  for immediate help.
 ...                                              
                                                  
l.5 \begin{Verbatim}
                    [tabsize=4]
Your command was ignored.
Type  I <command> <return>  to replace it with another command,
or  <return>  to continue without it.


! LaTeX Error: Missing \begin{document}.

See the LaTeX manual or LaTeX Companion for explanation.
Type  H <return>  for immediate help.
 ...                                              
                                                  
l.5 \begin{Verbatim}[
                     tabsize=4]
You're in trouble here.  Try typing  <return>  to proceed.
If that doesn't work, type  X <return>  to quit.

Missing character: There is no [ in font nullfont!
Missing character: There is no t in font nullfont!
Missing character: There is no a in font nullfont!
Missing character: There is no b in font nullfont!
Missing character: There is no s in font nullfont!
Missing character: There is no i in font nullfont!
Missing character: There is no z in font nullfont!
Missing character: There is no e in font nullfont!
Missing character: There is no = in font nullfont!
Missing character: There is no 4 in font nullfont!
Missing character: There is no ] in font nullfont!
Missing character: There is no i in font nullfont!
Missing character: There is no n in font nullfont!
Missing character: There is no t in font nullfont!
Missing character: There is no a in font nullfont!
Missing character: There is no = in font nullfont!
Missing character: There is no 5 in font nullfont!
Missing character: There is no / in font nullfont!
Missing character: There is no 0 in font nullfont!
Missing character: There is no ; in font nullfont!

! LaTeX Error: \begin{document} ended by \end{Verbatim}.

See the LaTeX manual or LaTeX Companion for explanation.
Type  H <return>  for immediate help.
 ...                                              
                                                  
l.7 \end{Verbatim}
                  
Your command was ignored.
Type  I <command> <return>  to replace it with another command,
or  <return>  to continue without it.


Overfull \hbox (20.0pt too wide) in paragraph at lines 5--8
[]
 []


! Package inputenc Error: Unicode character –¶ (U+0426)
(inputenc)                not set up for use with LaTeX.

See the inputenc package documentation for explanation.
Type  H <return>  for immediate help.
 ...                                              
                                                  
l.9 –¶
      –µ–ª–æ—á–∏—Å–ª–µ–Ω–Ω–æ–µ –¥–µ–ª–µ–Ω–∏–µ –Ω–∞ –Ω–æ–ª—å - —ç—Ç–æ RE.
You may provide a definition with
\DeclareUnicodeCharacter 


! Package inputenc Error: Unicode character –µ (U+0435)
(inputenc)                not set up for use with LaTeX.

See the inputenc package documentation for explanation.
Type  H <return>  for immediate help.
 ...                                              
                                                  
l.9 –¶–µ
        –ª–æ—á–∏—Å–ª–µ–Ω–Ω–æ–µ –¥–µ–ª–µ–Ω–∏–µ –Ω–∞ –Ω–æ–ª—å - —ç—Ç–æ RE.
You may provide a definition with
\DeclareUnicodeCharacter 


! Package inputenc Error: Unicode character –ª (U+043B)
(inputenc)                not set up for use with LaTeX.

See the inputenc package documentation for explanation.
Type  H <return>  for immediate help.
 ...                                              
                                                  
l.9 –¶–µ–ª
          –æ—á–∏—Å–ª–µ–Ω–Ω–æ–µ –¥–µ–ª–µ–Ω–∏–µ –Ω–∞ –Ω–æ–ª—å - —ç—Ç–æ RE.
You may provide a definition with
\DeclareUnicodeCharacter 


! Package inputenc Error: Unicode character –æ (U+043E)
(inputenc)                not set up for use with LaTeX.

See the inputenc package documentation for explanation.
Type  H <return>  for immediate help.
 ...                                              
                                                  
l.9 –¶–µ–ª–æ
            —á–∏—Å–ª–µ–Ω–Ω–æ–µ –¥–µ–ª–µ–Ω–∏–µ –Ω–∞ –Ω–æ–ª—å - —ç—Ç–æ RE.
You may provide a definition with
\DeclareUnicodeCharacter 


! Package inputenc Error: Unicode character —á (U+0447)
(inputenc)                not set up for use with LaTeX.

See the inputenc package documentation for explanation.
Type  H <return>  for immediate help.
 ...                                              
                                                  
l.9 –¶–µ–ª–æ—á
              –∏—Å–ª–µ–Ω–Ω–æ–µ –¥–µ–ª–µ–Ω–∏–µ –Ω–∞ –Ω–æ–ª—å - —ç—Ç–æ RE.
You may provide a definition with
\DeclareUnicodeCharacter 


! Package inputenc Error: Unicode character –∏ (U+0438)
(inputenc)                not set up for use with LaTeX.

See the inputenc package documentation for explanation.
Type  H <return>  for immediate help.
 ...                                              
                                                  
l.9 –¶–µ–ª–æ—á–∏
                —Å–ª–µ–Ω–Ω–æ–µ –¥–µ–ª–µ–Ω–∏–µ –Ω–∞ –Ω–æ–ª—å - —ç—Ç–æ RE.
You may provide a definition with
\DeclareUnicodeCharacter 


! Package inputenc Error: Unicode character —Å (U+0441)
(inputenc)                not set up for use with LaTeX.

See the inputenc package documentation for explanation.
Type  H <return>  for immediate help.
 ...                                              
                                                  
l.9 –¶–µ–ª–æ—á–∏—Å
                  –ª–µ–Ω–Ω–æ–µ –¥–µ–ª–µ–Ω–∏–µ –Ω–∞ –Ω–æ–ª—å - —ç—Ç–æ RE.
You may provide a definition with
\DeclareUnicodeCharacter 


! Package inputenc Error: Unicode character –ª (U+043B)
(inputenc)                not set up for use with LaTeX.

See the inputenc package documentation for explanation.
Type  H <return>  for immediate help.
 ...                                              
                                                  
l.9 –¶–µ–ª–æ—á–∏—Å–ª
                    –µ–Ω–Ω–æ–µ –¥–µ–ª–µ–Ω–∏–µ –Ω–∞ –Ω–æ–ª—å - —ç—Ç–æ RE.
You may provide a definition with
\DeclareUnicodeCharacter 


! Package inputenc Error: Unicode character –µ (U+0435)
(inputenc)                not set up for use with LaTeX.

See the inputenc package documentation for explanation.
Type  H <return>  for immediate help.
 ...                                              
                                                  
l.9 –¶–µ–ª–æ—á–∏—Å–ª–µ
                      –Ω–Ω–æ–µ –¥–µ–ª–µ–Ω–∏–µ –Ω–∞ –Ω–æ–ª—å - —ç—Ç–æ RE.
You may provide a definition with
\DeclareUnicodeCharacter 


! Package inputenc Error: Unicode character –Ω (U+043D)
(inputenc)                not set up for use with LaTeX.

See the inputenc package documentation for explanation.
Type  H <return>  for immediate help.
 ...                                              
                                                  
l.9 –¶–µ–ª–æ—á–∏—Å–ª–µ–Ω
                        –Ω–æ–µ –¥–µ–ª–µ–Ω–∏–µ –Ω–∞ –Ω–æ–ª—å - —ç—Ç–æ RE.
You may provide a definition with
\DeclareUnicodeCharacter 


! Package inputenc Error: Unicode character –Ω (U+043D)
(inputenc)                not set up for use with LaTeX.

See the inputenc package documentation for explanation.
Type  H <return>  for immediate help.
 ...                                              
                                                  
l.9 –¶–µ–ª–æ—á–∏—Å–ª–µ–Ω–Ω
                          –æ–µ –¥–µ–ª–µ–Ω–∏–µ –Ω–∞ –Ω–æ–ª—å - —ç—Ç–æ RE.
You may provide a definition with
\DeclareUnicodeCharacter 


! Package inputenc Error: Unicode character –æ (U+043E)
(inputenc)                not set up for use with LaTeX.

See the inputenc package documentation for explanation.
Type  H <return>  for immediate help.
 ...                                              
                                                  
l.9 –¶–µ–ª–æ—á–∏—Å–ª–µ–Ω–Ω–æ
                            –µ –¥–µ–ª–µ–Ω–∏–µ –Ω–∞ –Ω–æ–ª—å - —ç—Ç–æ RE.
You may provide a definition with
\DeclareUnicodeCharacter 


! Package inputenc Error: Unicode character –µ (U+0435)
(inputenc)                not set up for use with LaTeX.

See the inputenc package documentation for explanation.
Type  H <return>  for immediate help.
 ...                                              
                                                  
l.9 –¶–µ–ª–æ—á–∏—Å–ª–µ–Ω–Ω–æ–µ
                               –¥–µ–ª–µ–Ω–∏–µ –Ω–∞ –Ω–æ–ª—å - —ç—Ç–æ RE.
You may provide a definition with
\DeclareUnicodeCharacter 


! Package inputenc Error: Unicode character –¥ (U+0434)
(inputenc)                not set up for use with LaTeX.

See the inputenc package documentation for explanation.
Type  H <return>  for immediate help.
 ...                                              
                                                  
l.9 –¶–µ–ª–æ—á–∏—Å–ª–µ–Ω–Ω–æ–µ –¥
                                 –µ–ª–µ–Ω–∏–µ –Ω–∞ –Ω–æ–ª—å - —ç—Ç–æ RE.
You may provide a definition with
\DeclareUnicodeCharacter 


! Package inputenc Error: Unicode character –µ (U+0435)
(inputenc)                not set up for use with LaTeX.

See the inputenc package documentation for explanation.
Type  H <return>  for immediate help.
 ...                                              
                                                  
l.9 –¶–µ–ª–æ—á–∏—Å–ª–µ–Ω–Ω–æ–µ –¥–µ
                                   –ª–µ–Ω–∏–µ –Ω–∞ –Ω–æ–ª—å - —ç—Ç–æ RE.
You may provide a definition with
\DeclareUnicodeCharacter 


! Package inputenc Error: Unicode character –ª (U+043B)
(inputenc)                not set up for use with LaTeX.

See the inputenc package documentation for explanation.
Type  H <return>  for immediate help.
 ...                                              
                                                  
l.9 –¶–µ–ª–æ—á–∏—Å–ª–µ–Ω–Ω–æ–µ –¥–µ–ª
                                     –µ–Ω–∏–µ –Ω–∞ –Ω–æ–ª—å - —ç—Ç–æ RE.
You may provide a definition with
\DeclareUnicodeCharacter 


! Package inputenc Error: Unicode character –µ (U+0435)
(inputenc)                not set up for use with LaTeX.

See the inputenc package documentation for explanation.
Type  H <return>  for immediate help.
 ...                                              
                                                  
l.9 –¶–µ–ª–æ—á–∏—Å–ª–µ–Ω–Ω–æ–µ –¥–µ–ª–µ
                                       –Ω–∏–µ –Ω–∞ –Ω–æ–ª—å - —ç—Ç–æ RE.
You may provide a definition with
\DeclareUnicodeCharacter 


! Package inputenc Error: Unicode character –Ω (U+043D)
(inputenc)                not set up for use with LaTeX.

See the inputenc package documentation for explanation.
Type  H <return>  for immediate help.
 ...                                              
                                                  
l.9 –¶–µ–ª–æ—á–∏—Å–ª–µ–Ω–Ω–æ–µ –¥–µ–ª–µ–Ω
                                         –∏–µ –Ω–∞ –Ω–æ–ª—å - —ç—Ç–æ RE.
You may provide a definition with
\DeclareUnicodeCharacter 


! Package inputenc Error: Unicode character –∏ (U+0438)
(inputenc)                not set up for use with LaTeX.

See the inputenc package documentation for explanation.
Type  H <return>  for immediate help.
 ...                                              
                                                  
l.9 –¶–µ–ª–æ—á–∏—Å–ª–µ–Ω–Ω–æ–µ –¥–µ–ª–µ–Ω–∏
                                           –µ –Ω–∞ –Ω–æ–ª—å - —ç—Ç–æ RE.
You may provide a definition with
\DeclareUnicodeCharacter 


! Package inputenc Error: Unicode character –µ (U+0435)
(inputenc)                not set up for use with LaTeX.

See the inputenc package documentation for explanation.
Type  H <return>  for immediate help.
 ...                                              
                                                  
l.9 –¶–µ–ª–æ—á–∏—Å–ª–µ–Ω–Ω–æ–µ –¥–µ–ª–µ–Ω–∏–µ
                                              –Ω–∞ –Ω–æ–ª—å - —ç—Ç–æ RE.
You may provide a definition with
\DeclareUnicodeCharacter 


! Package inputenc Error: Unicode character –Ω (U+043D)
(inputenc)                not set up for use with LaTeX.

See the inputenc package documentation for explanation.
Type  H <return>  for immediate help.
 ...                                              
                                                  
l.9 –¶–µ–ª–æ—á–∏—Å–ª–µ–Ω–Ω–æ–µ –¥–µ–ª–µ–Ω–∏–µ –Ω
                                                –∞ –Ω–æ–ª—å - —ç—Ç–æ RE.
You may provide a definition with
\DeclareUnicodeCharacter 


! Package inputenc Error: Unicode character –∞ (U+0430)
(inputenc)                not set up for use with LaTeX.

See the inputenc package documentation for explanation.
Type  H <return>  for immediate help.
 ...                                              
                                                  
l.9 –¶–µ–ª–æ—á–∏—Å–ª–µ–Ω–Ω–æ–µ –¥–µ–ª–µ–Ω–∏–µ –Ω–∞
                                                   –Ω–æ–ª—å - —ç—Ç–æ RE.
You may provide a definition with
\DeclareUnicodeCharacter 


! Package inputenc Error: Unicode character –Ω (U+043D)
(inputenc)                not set up for use with LaTeX.

See the inputenc package documentation for explanation.
Type  H <return>  for immediate help.
 ...                                              
                                                  
l.9 ...–æ—á–∏—Å–ª–µ–Ω–Ω–æ–µ –¥–µ–ª–µ–Ω–∏–µ –Ω–∞ –Ω
                                                  –æ–ª—å - —ç—Ç–æ RE.
You may provide a definition with
\DeclareUnicodeCharacter 


! Package inputenc Error: Unicode character –æ (U+043E)
(inputenc)                not set up for use with LaTeX.

See the inputenc package documentation for explanation.
Type  H <return>  for immediate help.
 ...                                              
                                                  
l.9 ...—á–∏—Å–ª–µ–Ω–Ω–æ–µ –¥–µ–ª–µ–Ω–∏–µ –Ω–∞ –Ω–æ
                                                  –ª—å - —ç—Ç–æ RE.
You may provide a definition with
\DeclareUnicodeCharacter 


! Package inputenc Error: Unicode character –ª (U+043B)
(inputenc)                not set up for use with LaTeX.

See the inputenc package documentation for explanation.
Type  H <return>  for immediate help.
 ...                                              
                                                  
l.9 ...–∏—Å–ª–µ–Ω–Ω–æ–µ –¥–µ–ª–µ–Ω–∏–µ –Ω–∞ –Ω–æ–ª
                                                  —å - —ç—Ç–æ RE.
You may provide a definition with
\DeclareUnicodeCharacter 


! Package inputenc Error: Unicode character —å (U+044C)
(inputenc)                not set up for use with LaTeX.

See the inputenc package documentation for explanation.
Type  H <return>  for immediate help.
 ...                                              
                                                  
l.9 ...—Å–ª–µ–Ω–Ω–æ–µ –¥–µ–ª–µ–Ω–∏–µ –Ω–∞ –Ω–æ–ª—å
                                                   - —ç—Ç–æ RE.
You may provide a definition with
\DeclareUnicodeCharacter 


! LaTeX Error: Missing \begin{document}.

See the LaTeX manual or LaTeX Companion for explanation.
Type  H <return>  for immediate help.
 ...                                              
                                                  
l.9 ...–ª–µ–Ω–Ω–æ–µ –¥–µ–ª–µ–Ω–∏–µ –Ω–∞ –Ω–æ–ª—å -
                                                   —ç—Ç–æ RE.
You're in trouble here.  Try typing  <return>  to proceed.
If that doesn't work, type  X <return>  to quit.

Missing character: There is no - in font nullfont!

! Package inputenc Error: Unicode character —ç (U+044D)
(inputenc)                not set up for use with LaTeX.

See the inputenc package documentation for explanation.
Type  H <return>  for immediate help.
 ...                                              
                                                  
l.9 ...µ–Ω–Ω–æ–µ –¥–µ–ª–µ–Ω–∏–µ –Ω–∞ –Ω–æ–ª—å - —ç
                                                  —Ç–æ RE.
You may provide a definition with
\DeclareUnicodeCharacter 


! Package inputenc Error: Unicode character —Ç (U+0442)
(inputenc)                not set up for use with LaTeX.

See the inputenc package documentation for explanation.
Type  H <return>  for immediate help.
 ...                                              
                                                  
l.9 ...Ω–Ω–æ–µ –¥–µ–ª–µ–Ω–∏–µ –Ω–∞ –Ω–æ–ª—å - —ç—Ç
                                                  –æ RE.
You may provide a definition with
\DeclareUnicodeCharacter 


! Package inputenc Error: Unicode character –æ (U+043E)
(inputenc)                not set up for use with LaTeX.

See the inputenc package documentation for explanation.
Type  H <return>  for immediate help.
 ...                                              
                                                  
l.9 ...Ω–æ–µ –¥–µ–ª–µ–Ω–∏–µ –Ω–∞ –Ω–æ–ª—å - —ç—Ç–æ
                                                   RE.
You may provide a definition with
\DeclareUnicodeCharacter 

Missing character: There is no R in font nullfont!
Missing character: There is no E in font nullfont!
Missing character: There is no . in font nullfont!

Overfull \hbox (20.0pt too wide) in paragraph at lines 9--10
[]
 []

)
! Emergency stop.
<*> 5lecture.tex
                
*** (job aborted, no legal \end found)

 
Here is how much of TeX's memory you used:
 33 strings out of 481239
 484 string characters out of 5920377
 236563 words of memory out of 5000000
 15401 multiletter control sequences out of 15000+600000
 532338 words of font info for 24 fonts, out of 8000000 for 9000
 1141 hyphenation exceptions out of 8191
 12i,0n,15p,89b,22s stack positions out of 5000i,500n,10000p,200000b,80000s
!  ==> Fatal error occurred, no output PDF file produced!
